"../../../Engine/Content/Functions/Engine_MaterialFunctions01/Shading/PowerToRoughness.uasset" 0
"../../../Engine/Content/Functions/Engine_MaterialFunctions01/Shading/PowerToRoughness.uexp" 1
"../../../Engine/Content/Functions/Engine_MaterialFunctions01/Shading/ConvertFromDiffSpec.uasset" 2
"../../../Engine/Content/Functions/Engine_MaterialFunctions01/Shading/ConvertFromDiffSpec.uexp" 3
"../../../Engine/Content/EngineSounds/Master.uasset" 4
"../../../Engine/Content/EngineSounds/Master.uexp" 5
"../../../Engine/Content/EngineSky/T_Sky_Stars.ubulk" 6
"../../../Engine/Content/EngineSky/T_Sky_Stars.uasset" 7
"../../../Engine/Content/EngineSky/T_Sky_Stars.uexp" 8
"../../../Engine/Content/EngineSky/T_Sky_Clouds_M.ubulk" 9
"../../../Engine/Content/EngineSky/T_Sky_Clouds_M.uasset" 10
"../../../Engine/Content/EngineSky/T_Sky_Clouds_M.uexp" 11
"../../../Engine/Content/EngineSky/T_Sky_Blue.ubulk" 12
"../../../Engine/Content/EngineSky/T_Sky_Blue.uasset" 13
"../../../Engine/Content/EngineSky/T_Sky_Blue.uexp" 14
"../../../Engine/Content/EngineSky/M_Sky_Panning_Clouds2.uasset" 15
"../../../Engine/Content/EngineSky/M_Sky_Panning_Clouds2.uexp" 16
"../../../Engine/Content/EngineSky/SM_SkySphere.uasset" 17
"../../../Engine/Content/EngineSky/SM_SkySphere.uexp" 18
"../../../Engine/Content/EngineSky/M_SimpleSkyDome.uasset" 19
"../../../Engine/Content/EngineSky/M_SimpleSkyDome.uexp" 20
"../../../Engine/Content/EngineSky/VolumetricClouds/CloudWeatherTexture.uasset" 21
"../../../Engine/Content/EngineSky/VolumetricClouds/CloudWeatherTexture.uexp" 22
"../../../Engine/Content/Functions/Engine_MaterialFunctions02/Utility/MakeFloat2.uasset" 23
"../../../Engine/Content/Functions/Engine_MaterialFunctions02/Utility/MakeFloat2.uexp" 24
"../../../Engine/Content/EngineSky/VolumetricClouds/CloudGradientTexture.uasset" 25
"../../../Engine/Content/EngineSky/VolumetricClouds/CloudGradientTexture.uexp" 26
"../../../Engine/Content/EngineSky/VolumetricClouds/T_NoiseShape64.ubulk" 27
"../../../Engine/Content/EngineSky/VolumetricClouds/T_NoiseShape64.uasset" 28
"../../../Engine/Content/EngineSky/VolumetricClouds/T_NoiseShape64.uexp" 29
"../../../Engine/Content/EngineSky/VolumetricClouds/T_VolumeNoiseShape64.uasset" 30
"../../../Engine/Content/EngineSky/VolumetricClouds/T_VolumeNoiseShape64.uexp" 31
"../../../Engine/Content/EngineSky/VolumetricClouds/T_NoiseErosion.ubulk" 32
"../../../Engine/Content/EngineSky/VolumetricClouds/T_NoiseErosion.uasset" 33
"../../../Engine/Content/EngineSky/VolumetricClouds/T_NoiseErosion.uexp" 34
"../../../Engine/Content/EngineSky/VolumetricClouds/T_VolumeNoiseErosion32.uasset" 35
"../../../Engine/Content/EngineSky/VolumetricClouds/T_VolumeNoiseErosion32.uexp" 36
"../../../Engine/Content/EngineSky/VolumetricClouds/m_SimpleVolumetricCloud.uasset" 37
"../../../Engine/Content/EngineSky/VolumetricClouds/m_SimpleVolumetricCloud.uexp" 38
"../../../Engine/Content/EngineSky/VolumetricClouds/m_SimpleVolumetricCloud_Inst.uasset" 39
"../../../Engine/Content/EngineSky/VolumetricClouds/m_SimpleVolumetricCloud_Inst.uexp" 40
"../../../Engine/Content/EngineResources/GradientTexture0.uasset" 41
"../../../Engine/Content/EngineResources/GradientTexture0.uexp" 42
"../../../Engine/Content/EngineResources/DefaultVolumeTexture2D.uasset" 43
"../../../Engine/Content/EngineResources/DefaultVolumeTexture2D.uexp" 44
"../../../Engine/Content/EngineResources/DefaultVolumeTexture.uasset" 45
"../../../Engine/Content/EngineResources/DefaultVolumeTexture.uexp" 46
"../../../Engine/Content/EngineResources/DefaultTextureCube.uasset" 47
"../../../Engine/Content/EngineResources/DefaultTextureCube.uexp" 48
"../../../Engine/Content/EngineResources/DefaultTexture.ubulk" 49
"../../../Engine/Content/EngineResources/DefaultTexture.uasset" 50
"../../../Engine/Content/EngineResources/DefaultTexture.uexp" 51
"../../../Engine/Content/EngineResources/Black.uasset" 52
"../../../Engine/Content/EngineResources/Black.uexp" 53
"../../../Engine/Content/EngineResources/FilmGrains/Marcie_Grain_v3_128_M2_000.uasset" 54
"../../../Engine/Content/EngineResources/FilmGrains/Marcie_Grain_v3_128_M2_000.uexp" 55
"../../../Engine/Content/EngineMeshes/Sphere.uasset" 56
"../../../Engine/Content/EngineMeshes/Sphere.uexp" 57
"../../../Engine/Content/EngineMaterials/T_Default_Material_Grid_M.ubulk" 58
"../../../Engine/Content/EngineMaterials/T_Default_Material_Grid_M.uasset" 59
"../../../Engine/Content/EngineMaterials/T_Default_Material_Grid_M.uexp" 60
"../../../Engine/Content/EngineMaterials/T_Default_Material_Grid_N.ubulk" 61
"../../../Engine/Content/EngineMaterials/T_Default_Material_Grid_N.uasset" 62
"../../../Engine/Content/EngineMaterials/T_Default_Material_Grid_N.uexp" 63
"../../../Engine/Content/Functions/Engine_MaterialFunctions01/Opacity/CameraDepthFade.uasset" 64
"../../../Engine/Content/Functions/Engine_MaterialFunctions01/Opacity/CameraDepthFade.uexp" 65
"../../../Engine/Content/EngineMaterials/DefaultMaterial.uasset" 66
"../../../Engine/Content/EngineMaterials/DefaultMaterial.uexp" 67
"../../../Engine/Content/EngineMeshes/Cylinder.uasset" 68
"../../../Engine/Content/EngineMeshes/Cylinder.uexp" 69
"../../../Engine/Content/EngineResources/WhiteSquareTexture.uasset" 70
"../../../Engine/Content/EngineResources/WhiteSquareTexture.uexp" 71
"../../../Engine/Content/EngineMaterials/Widget3DPassThrough.uasset" 72
"../../../Engine/Content/EngineMaterials/Widget3DPassThrough.uexp" 73
"../../../Engine/Content/EngineMaterials/Widget3DPassThrough_Translucent.uasset" 74
"../../../Engine/Content/EngineMaterials/Widget3DPassThrough_Translucent.uexp" 75
"../../../Engine/Content/EngineMaterials/Widget3DPassThrough_Translucent_OneSided.uasset" 76
"../../../Engine/Content/EngineMaterials/Widget3DPassThrough_Translucent_OneSided.uexp" 77
"../../../Engine/Content/EngineMaterials/Widget3DPassThrough_Opaque.uasset" 78
"../../../Engine/Content/EngineMaterials/Widget3DPassThrough_Opaque.uexp" 79
"../../../Engine/Content/EngineMaterials/Widget3DPassThrough_Opaque_OneSided.uasset" 80
"../../../Engine/Content/EngineMaterials/Widget3DPassThrough_Opaque_OneSided.uexp" 81
"../../../Engine/Content/EngineMaterials/Widget3DPassThrough_Masked_OneSided.uasset" 82
"../../../Engine/Content/EngineMaterials/Widget3DPassThrough_Masked_OneSided.uexp" 83
"../../../Engine/Content/EngineMaterials/Widget3DPassThrough_Masked.uasset" 84
"../../../Engine/Content/EngineMaterials/Widget3DPassThrough_Masked.uexp" 85
"../../../Engine/Content/EngineMaterials/WeightMapPlaceholderTexture.uasset" 86
"../../../Engine/Content/EngineMaterials/WeightMapPlaceholderTexture.uexp" 87
"../../../Engine/Content/EngineMaterials/RemoveSurfaceMaterial.uasset" 88
"../../../Engine/Content/EngineMaterials/RemoveSurfaceMaterial.uexp" 89
"../../../Engine/Content/EngineMaterials/PreintegratedSkinBRDF.uasset" 90
"../../../Engine/Content/EngineMaterials/PreintegratedSkinBRDF.uexp" 91
"../../../Engine/Content/EngineMaterials/DefaultCalibrationGrayscale.uasset" 92
"../../../Engine/Content/EngineMaterials/DefaultCalibrationGrayscale.uexp" 93
"../../../Engine/Content/EngineMaterials/PPM_DefaultCalibrationGrayscale.uasset" 94
"../../../Engine/Content/EngineMaterials/PPM_DefaultCalibrationGrayscale.uexp" 95
"../../../Engine/Content/EngineMaterials/DefaultCalibrationColor.uasset" 96
"../../../Engine/Content/EngineMaterials/DefaultCalibrationColor.uexp" 97
"../../../Engine/Content/EngineMaterials/PPM_DefaultCalibrationColor.uasset" 98
"../../../Engine/Content/EngineMaterials/PPM_DefaultCalibrationColor.uexp" 99
"../../../Engine/Content/Functions/Engine_MaterialFunctions02/WorldPositionOffset/CameraOffset.uasset" 100
"../../../Engine/Content/Functions/Engine_MaterialFunctions02/WorldPositionOffset/CameraOffset.uexp" 101
"../../../Engine/Content/EngineMaterials/PhAT_JointLimitMaterial.uasset" 102
"../../../Engine/Content/EngineMaterials/PhAT_JointLimitMaterial.uexp" 103
"../../../Engine/Content/EngineMaterials/InvalidLightmapSettings.ubulk" 104
"../../../Engine/Content/EngineMaterials/InvalidLightmapSettings.uasset" 105
"../../../Engine/Content/EngineMaterials/InvalidLightmapSettings.uexp" 106
"../../../Engine/Content/EngineMaterials/M_InvalidLightmapSettings.uasset" 107
"../../../Engine/Content/EngineMaterials/M_InvalidLightmapSettings.uexp" 108
"../../../Engine/Content/EngineMaterials/MiniFont.uasset" 109
"../../../Engine/Content/EngineMaterials/MiniFont.uexp" 110
"../../../Engine/Content/EngineMaterials/Good64x64TilingNoiseHighFreq.uasset" 111
"../../../Engine/Content/EngineMaterials/Good64x64TilingNoiseHighFreq.uexp" 112
"../../../Engine/Content/EngineMaterials/GizmoMaterial.uasset" 113
"../../../Engine/Content/EngineMaterials/GizmoMaterial.uexp" 114
"../../../Engine/Content/EngineMaterials/BaseFlattenEmissiveMap_VT.uasset" 115
"../../../Engine/Content/EngineMaterials/BaseFlattenEmissiveMap_VT.uexp" 116
"../../../Engine/Content/EngineMaterials/BaseFlattenGrayscaleMap_VT.uasset" 117
"../../../Engine/Content/EngineMaterials/BaseFlattenGrayscaleMap_VT.uexp" 118
"../../../Engine/Content/EngineMaterials/BaseFlattenLinearColor_VT.uasset" 119
"../../../Engine/Content/EngineMaterials/BaseFlattenLinearColor_VT.uexp" 120
"../../../Engine/Content/EngineMaterials/Black_1x1_EXR_Texture_VT.uasset" 121
"../../../Engine/Content/EngineMaterials/Black_1x1_EXR_Texture_VT.uexp" 122
"../../../Engine/Content/EngineMaterials/BaseFlattenDiffuseMap_VT.uasset" 123
"../../../Engine/Content/EngineMaterials/BaseFlattenDiffuseMap_VT.uexp" 124
"../../../Engine/Content/EngineMaterials/BaseFlattenNormalMap_VT.uasset" 125
"../../../Engine/Content/EngineMaterials/BaseFlattenNormalMap_VT.uexp" 126
"../../../Engine/Content/EngineMaterials/FlattenMaterial_WS_Normal_VT.uasset" 127
"../../../Engine/Content/EngineMaterials/FlattenMaterial_WS_Normal_VT.uexp" 128
"../../../Engine/Content/EngineMaterials/FlattenMaterial_VT.uasset" 129
"../../../Engine/Content/EngineMaterials/FlattenMaterial_VT.uexp" 130
"../../../Engine/Content/EngineMaterials/BaseFlattenNormalMap.uasset" 131
"../../../Engine/Content/EngineMaterials/BaseFlattenNormalMap.uexp" 132
"../../../Engine/Content/EngineMaterials/BaseFlattenGrayscaleMap.uasset" 133
"../../../Engine/Content/EngineMaterials/BaseFlattenGrayscaleMap.uexp" 134
"../../../Engine/Content/EngineMaterials/BaseFlattenDiffuseMap.uasset" 135
"../../../Engine/Content/EngineMaterials/BaseFlattenDiffuseMap.uexp" 136
"../../../Engine/Content/Functions/Engine_MaterialFunctions02/PivotPainter2/Black_1x1_EXR_Texture.uasset" 137
"../../../Engine/Content/Functions/Engine_MaterialFunctions02/PivotPainter2/Black_1x1_EXR_Texture.uexp" 138
"../../../Engine/Content/EngineMaterials/BaseFlattenEmissiveMap.uasset" 139
"../../../Engine/Content/EngineMaterials/BaseFlattenEmissiveMap.uexp" 140
"../../../Engine/Content/EngineMaterials/BaseFlattenLinearColor.uasset" 141
"../../../Engine/Content/EngineMaterials/BaseFlattenLinearColor.uexp" 142
"../../../Engine/Content/EngineMaterials/FlattenMaterial.uasset" 143
"../../../Engine/Content/EngineMaterials/FlattenMaterial.uexp" 144
"../../../Engine/Content/EngineMaterials/DefaultWhiteGrid_Low.uasset" 145
"../../../Engine/Content/EngineMaterials/DefaultWhiteGrid_Low.uexp" 146
"../../../Engine/Content/EngineMaterials/EmissiveMeshMaterial.uasset" 147
"../../../Engine/Content/EngineMaterials/EmissiveMeshMaterial.uexp" 148
"../../../Engine/Content/EngineMaterials/DefaultWhiteGrid.ubulk" 149
"../../../Engine/Content/EngineMaterials/DefaultWhiteGrid.uasset" 150
"../../../Engine/Content/EngineMaterials/DefaultWhiteGrid.uexp" 151
"../../../Engine/Content/EngineFonts/RobotoDistanceField.uasset" 152
"../../../Engine/Content/EngineFonts/RobotoDistanceField.uexp" 153
"../../../Engine/Content/EngineMaterials/DefaultTextMaterialOpaque.uasset" 154
"../../../Engine/Content/EngineMaterials/DefaultTextMaterialOpaque.uexp" 155
"../../../Engine/Content/EngineMaterials/DefaultDiffuse.ubulk" 156
"../../../Engine/Content/EngineMaterials/DefaultDiffuse.uasset" 157
"../../../Engine/Content/EngineMaterials/DefaultDiffuse.uexp" 158
"../../../Engine/Content/Functions/Engine_MaterialFunctions02/Utility/BreakOutFloat2Components.uasset" 159
"../../../Engine/Content/Functions/Engine_MaterialFunctions02/Utility/BreakOutFloat2Components.uexp" 160
"../../../Engine/Content/EngineMaterials/DefaultPostProcessMaterial.uasset" 161
"../../../Engine/Content/EngineMaterials/DefaultPostProcessMaterial.uexp" 162
"../../../Engine/Content/EngineMaterials/DefaultPhysicalMaterial.uasset" 163
"../../../Engine/Content/EngineMaterials/DefaultPhysicalMaterial.uexp" 164
"../../../Engine/Content/EngineMaterials/DefaultLightFunctionMaterial.uasset" 165
"../../../Engine/Content/EngineMaterials/DefaultLightFunctionMaterial.uexp" 166
"../../../Engine/Content/EngineMaterials/DefaultDestructiblePhysicalMaterial.uasset" 167
"../../../Engine/Content/EngineMaterials/DefaultDestructiblePhysicalMaterial.uexp" 168
"../../../Engine/Content/EngineMaterials/DefaultDeferredDecalMaterial.uasset" 169
"../../../Engine/Content/EngineMaterials/DefaultDeferredDecalMaterial.uexp" 170
"../../../Engine/Content/EngineMaterials/DefaultBokeh.uasset" 171
"../../../Engine/Content/EngineMaterials/DefaultBokeh.uexp" 172
"../../../Engine/Content/EngineMaterials/DefaultBloomKernel.uasset" 173
"../../../Engine/Content/EngineMaterials/DefaultBloomKernel.uexp" 174
"../../../Engine/Content/EngineMaterials/BlueNoise.uasset" 175
"../../../Engine/Content/EngineMaterials/BlueNoise.uexp" 176
"../../../Engine/Content/EngineFonts/Faces/RobotoLight.uexp" 177
"../../../Engine/Content/EngineFonts/Faces/RobotoLight.uasset" 178
"../../../Engine/Content/EngineFonts/Faces/RobotoLight.ufont" 179
"../../../Engine/Content/EngineFonts/Faces/RobotoBold.uexp" 180
"../../../Engine/Content/EngineFonts/Faces/RobotoBold.uasset" 181
"../../../Engine/Content/EngineFonts/Faces/RobotoBold.ufont" 182
"../../../Engine/Content/EngineFonts/Faces/RobotoRegular.uexp" 183
"../../../Engine/Content/EngineFonts/Faces/RobotoRegular.uasset" 184
"../../../Engine/Content/EngineFonts/Faces/RobotoRegular.ufont" 185
"../../../Engine/Content/EngineFonts/Faces/DroidSansFallback.uexp" 186
"../../../Engine/Content/EngineFonts/Faces/DroidSansFallback.uasset" 187
"../../../Engine/Content/EngineFonts/Faces/DroidSansFallback.ufont" 188
"../../../Engine/Content/EngineFonts/Faces/RobotoItalic.uexp" 189
"../../../Engine/Content/EngineFonts/Faces/RobotoItalic.uasset" 190
"../../../Engine/Content/EngineFonts/Faces/RobotoItalic.ufont" 191
"../../../Engine/Content/EngineFonts/Faces/RobotoBoldItalic.uexp" 192
"../../../Engine/Content/EngineFonts/Faces/RobotoBoldItalic.uasset" 193
"../../../Engine/Content/EngineFonts/Faces/RobotoBoldItalic.ufont" 194
"../../../Engine/Content/EngineFonts/Roboto.uasset" 195
"../../../Engine/Content/EngineFonts/Roboto.uexp" 196
"../../../Engine/Content/Functions/Engine_MaterialFunctions02/Utility/CameraDirectionVector.uasset" 197
"../../../Engine/Content/Functions/Engine_MaterialFunctions02/Utility/CameraDirectionVector.uexp" 198
"../../../Engine/Content/EngineDebugMaterials/VolumeToRender.uasset" 199
"../../../Engine/Content/EngineDebugMaterials/VolumeToRender.uexp" 200
"../../../Engine/Content/EngineDebugMaterials/M_VolumeRenderSphereTracePP.uasset" 201
"../../../Engine/Content/EngineDebugMaterials/M_VolumeRenderSphereTracePP.uexp" 202
"../../../Engine/Content/EngineDebugMaterials/M_SimpleUnlitTranslucent.uasset" 203
"../../../Engine/Content/EngineDebugMaterials/M_SimpleUnlitTranslucent.uexp" 204
"../../../Engine/Content/EngineDebugMaterials/DebugMeshMaterial.uasset" 205
"../../../Engine/Content/EngineDebugMaterials/DebugMeshMaterial.uexp" 206
"../../../Engine/Content/EngineDebugMaterials/DebugEditorMaterial.uasset" 207
"../../../Engine/Content/EngineDebugMaterials/DebugEditorMaterial.uexp" 208
"../../../Engine/Content/EngineDamageTypes/DmgTypeBP_Environmental.uasset" 209
"../../../Engine/Content/EngineDamageTypes/DmgTypeBP_Environmental.uexp" 210
"../../../Engine/Content/EditorResources/S_TriggerSphere.uasset" 211
"../../../Engine/Content/EditorResources/S_TriggerSphere.uexp" 212
"../../../Engine/Content/EditorResources/S_TriggerCapsule.uasset" 213
"../../../Engine/Content/EditorResources/S_TriggerCapsule.uexp" 214
"../../../Engine/Content/EditorResources/S_TriggerBox.uasset" 215
"../../../Engine/Content/EditorResources/S_TriggerBox.uexp" 216
"../../../Engine/Content/EditorResources/S_Trigger.ubulk" 217
"../../../Engine/Content/EditorResources/S_Trigger.uasset" 218
"../../../Engine/Content/EditorResources/S_Trigger.uexp" 219
"../../../Engine/Content/EditorResources/S_Terrain.ubulk" 220
"../../../Engine/Content/EditorResources/S_Terrain.uasset" 221
"../../../Engine/Content/EditorResources/S_Terrain.uexp" 222
"../../../Engine/Content/EditorResources/S_Solver.ubulk" 223
"../../../Engine/Content/EditorResources/S_Solver.uasset" 224
"../../../Engine/Content/EditorResources/S_Solver.uexp" 225
"../../../Engine/Content/EditorResources/S_BoxReflectionCapture.uasset" 226
"../../../Engine/Content/EditorResources/S_BoxReflectionCapture.uexp" 227
"../../../Engine/Content/EditorResources/S_Actor.ubulk" 228
"../../../Engine/Content/EditorResources/S_Actor.uasset" 229
"../../../Engine/Content/EditorResources/S_Actor.uexp" 230
"../../../Engine/Content/EditorResources/EmptyActor.uasset" 231
"../../../Engine/Content/EditorResources/EmptyActor.uexp" 232
"../../../Engine/Content/EditorResources/BSPVertex.uasset" 233
"../../../Engine/Content/EditorResources/BSPVertex.uexp" 234
"../../../Engine/Content/EditorResources/SequenceRecorder/RecordingIndicator.uasset" 235
"../../../Engine/Content/EditorResources/SequenceRecorder/RecordingIndicator.uexp" 236
"../../../Engine/Content/EditorResources/SequenceRecorder/Countdown.uasset" 237
"../../../Engine/Content/EditorResources/SequenceRecorder/Countdown.uexp" 238
"../../../Engine/Content/EditorMaterials/Camera/CineMat.uasset" 239
"../../../Engine/Content/EditorMaterials/Camera/CineMat.uexp" 240
"../../../Engine/Content/EditorMaterials/Camera/MI_CineMat_Rig.uasset" 241
"../../../Engine/Content/EditorMaterials/Camera/MI_CineMat_Rig.uexp" 242
"../../../Engine/Content/EditorMeshes/Camera/SM_RailRig_Track.uasset" 243
"../../../Engine/Content/EditorMeshes/Camera/SM_RailRig_Track.uexp" 244
"../../../Engine/Content/EditorMeshes/Camera/SM_RailRig_Mount.uasset" 245
"../../../Engine/Content/EditorMeshes/Camera/SM_RailRig_Mount.uexp" 246
"../../../Engine/Content/EditorMeshes/Camera/SM_CraneRig_Mount.uasset" 247
"../../../Engine/Content/EditorMeshes/Camera/SM_CraneRig_Mount.uexp" 248
"../../../Engine/Content/EditorMeshes/Camera/SM_CraneRig_Body.uasset" 249
"../../../Engine/Content/EditorMeshes/Camera/SM_CraneRig_Body.uexp" 250
"../../../Engine/Content/EditorMeshes/Camera/SM_CraneRig_Base.uasset" 251
"../../../Engine/Content/EditorMeshes/Camera/SM_CraneRig_Base.uexp" 252
"../../../Engine/Content/EditorMeshes/Camera/SM_CraneRig_Arm.uasset" 253
"../../../Engine/Content/EditorMeshes/Camera/SM_CraneRig_Arm.uexp" 254
"../../../Engine/Content/EditorMaterials/PreviewShadowIndicator.ubulk" 255
"../../../Engine/Content/EditorMaterials/PreviewShadowIndicator.uasset" 256
"../../../Engine/Content/EditorMaterials/PreviewShadowIndicator.uexp" 257
"../../../Engine/Content/EditorMaterials/PreviewShadowIndicatorMaterial.uasset" 258
"../../../Engine/Content/EditorMaterials/PreviewShadowIndicatorMaterial.uexp" 259
"../../../Engine/Content/EditorMaterials/MAT_Groups_Visibility.uasset" 260
"../../../Engine/Content/EditorMaterials/MAT_Groups_Visibility.uexp" 261
"../../../Engine/Content/EditorMaterials/MAT_Groups_Toggle.uasset" 262
"../../../Engine/Content/EditorMaterials/MAT_Groups_Toggle.uexp" 263
"../../../Engine/Content/Functions/Engine_MaterialFunctions02/Utility/MakeFloat4.uasset" 264
"../../../Engine/Content/Functions/Engine_MaterialFunctions02/Utility/MakeFloat4.uexp" 265
"../../../Engine/Content/Functions/Engine_MaterialFunctions02/Utility/MakeFloat3.uasset" 266
"../../../Engine/Content/Functions/Engine_MaterialFunctions02/Utility/MakeFloat3.uexp" 267
"../../../Engine/Content/Functions/Engine_MaterialFunctions02/Utility/BreakOutFloat3Components.uasset" 268
"../../../Engine/Content/Functions/Engine_MaterialFunctions02/Utility/BreakOutFloat3Components.uexp" 269
"../../../Engine/Content/EditorMaterials/WorldPartition/WorldPartitionSpatialHashGridPreviewMaterial.uasset" 270
"../../../Engine/Content/EditorMaterials/WorldPartition/WorldPartitionSpatialHashGridPreviewMaterial.uexp" 271
"../../../Engine/Content/EditorMaterials/ParticleSystems/PSysThumbnail_OOD.ubulk" 272
"../../../Engine/Content/EditorMaterials/ParticleSystems/PSysThumbnail_OOD.uasset" 273
"../../../Engine/Content/EditorMaterials/ParticleSystems/PSysThumbnail_OOD.uexp" 274
"../../../Engine/Content/EditorMaterials/ParticleSystems/PSysThumbnail_NoImage.ubulk" 275
"../../../Engine/Content/EditorMaterials/ParticleSystems/PSysThumbnail_NoImage.uasset" 276
"../../../Engine/Content/EditorMaterials/ParticleSystems/PSysThumbnail_NoImage.uexp" 277
"../../../Engine/Content/EditorMaterials/MatineeGroups/MAT_Groups_Vector.uasset" 278
"../../../Engine/Content/EditorMaterials/MatineeGroups/MAT_Groups_Vector.uexp" 279
"../../../Engine/Content/EditorMaterials/MatineeGroups/MAT_Groups_Sound.uasset" 280
"../../../Engine/Content/EditorMaterials/MatineeGroups/MAT_Groups_Sound.uexp" 281
"../../../Engine/Content/EditorMaterials/MatineeGroups/MAT_Groups_Slomo.uasset" 282
"../../../Engine/Content/EditorMaterials/MatineeGroups/MAT_Groups_Slomo.uexp" 283
"../../../Engine/Content/EditorMaterials/MatineeGroups/MAT_Groups_Move.uasset" 284
"../../../Engine/Content/EditorMaterials/MatineeGroups/MAT_Groups_Move.uexp" 285
"../../../Engine/Content/EditorMaterials/MatineeGroups/MAT_Groups_Float.uasset" 286
"../../../Engine/Content/EditorMaterials/MatineeGroups/MAT_Groups_Float.uexp" 287
"../../../Engine/Content/EditorMaterials/MatineeGroups/MAT_Groups_Fade.uasset" 288
"../../../Engine/Content/EditorMaterials/MatineeGroups/MAT_Groups_Fade.uexp" 289
"../../../Engine/Content/EditorMaterials/MatineeGroups/MAT_Groups_Event.uasset" 290
"../../../Engine/Content/EditorMaterials/MatineeGroups/MAT_Groups_Event.uexp" 291
"../../../Engine/Content/EditorMaterials/MatineeGroups/MAT_Groups_Director.uasset" 292
"../../../Engine/Content/EditorMaterials/MatineeGroups/MAT_Groups_Director.uexp" 293
"../../../Engine/Content/EditorMaterials/MatineeGroups/MAT_Groups_AudioMaster.uasset" 294
"../../../Engine/Content/EditorMaterials/MatineeGroups/MAT_Groups_AudioMaster.uexp" 295
"../../../Engine/Content/EditorMaterials/MatineeGroups/MAT_Groups_Anim.uasset" 296
"../../../Engine/Content/EditorMaterials/MatineeGroups/MAT_Groups_Anim.uexp" 297
"../../../Engine/Content/EditorMaterials/MatineeGroups/MAT_ColorTrack.uasset" 298
"../../../Engine/Content/EditorMaterials/MatineeGroups/MAT_ColorTrack.uexp" 299
"../../../Engine/Content/EditorLandscapeResources/DefaultAlphaTexture.uasset" 300
"../../../Engine/Content/EditorLandscapeResources/DefaultAlphaTexture.uexp" 301
"../../../Engine/Content/EditorLandscapeResources/DataLayer.uasset" 302
"../../../Engine/Content/EditorLandscapeResources/DataLayer.uexp" 303
"../../../Engine/Content/BasicShapes/Sphere.uasset" 304
"../../../Engine/Content/BasicShapes/Sphere.uexp" 305
"../../../Engine/Content/EngineMaterials/WorldGridMaterial.uasset" 306
"../../../Engine/Content/EngineMaterials/WorldGridMaterial.uexp" 307
"../../../Engine/Content/BasicShapes/Plane.uasset" 308
"../../../Engine/Content/BasicShapes/Plane.uexp" 309
"../../../Engine/Content/BasicShapes/Cylinder.uasset" 310
"../../../Engine/Content/BasicShapes/Cylinder.uexp" 311
"../../../Engine/Content/BasicShapes/Cube.uasset" 312
"../../../Engine/Content/BasicShapes/Cube.uexp" 313
"../../../Engine/Content/BasicShapes/Cone.uasset" 314
"../../../Engine/Content/BasicShapes/Cone.uexp" 315
"../../../Engine/Content/ArtTools/RenderToTexture/Meshes/S_1_Unit_Plane.uasset" 316
"../../../Engine/Content/ArtTools/RenderToTexture/Meshes/S_1_Unit_Plane.uexp" 317
"C:/Users/sam/Desktop/Unreal Projects 5.0/MobileControlKitDemo/Plugins/MobileControlKit/Content/T_Emty1px.uasset" 318
"C:/Users/sam/Desktop/Unreal Projects 5.0/MobileControlKitDemo/Plugins/MobileControlKit/Content/T_Emty1px.uexp" 319
"C:/Users/sam/Desktop/Unreal Projects 5.0/MobileControlKitDemo/Plugins/MobileControlKit/Content/M_MCK_Base.uasset" 320
"C:/Users/sam/Desktop/Unreal Projects 5.0/MobileControlKitDemo/Plugins/MobileControlKit/Content/M_MCK_Base.uexp" 321
"C:/Users/sam/Desktop/Unreal Projects 5.0/MobileControlKitDemo/Content/Vehicles/SportsCar/Materials/Textures/T_SportsCar_Wheel_N.ubulk" 322
"C:/Users/sam/Desktop/Unreal Projects 5.0/MobileControlKitDemo/Content/Vehicles/SportsCar/Materials/Textures/T_SportsCar_Wheel_N.uasset" 323
"C:/Users/sam/Desktop/Unreal Projects 5.0/MobileControlKitDemo/Content/Vehicles/SportsCar/Materials/Textures/T_SportsCar_Wheel_N.uexp" 324
"C:/Users/sam/Desktop/Unreal Projects 5.0/MobileControlKitDemo/Content/Vehicles/SportsCar/Materials/Textures/T_SportsCar_Wheel_M.ubulk" 325
"C:/Users/sam/Desktop/Unreal Projects 5.0/MobileControlKitDemo/Content/Vehicles/SportsCar/Materials/Textures/T_SportsCar_Wheel_M.uasset" 326
"C:/Users/sam/Desktop/Unreal Projects 5.0/MobileControlKitDemo/Content/Vehicles/SportsCar/Materials/Textures/T_SportsCar_Wheel_M.uexp" 327
"C:/Users/sam/Desktop/Unreal Projects 5.0/MobileControlKitDemo/Content/Vehicles/SportsCar/Materials/M_SportsCar_Wheel.uasset" 328
"C:/Users/sam/Desktop/Unreal Projects 5.0/MobileControlKitDemo/Content/Vehicles/SportsCar/Materials/M_SportsCar_Wheel.uexp" 329
"C:/Users/sam/Desktop/Unreal Projects 5.0/MobileControlKitDemo/Content/Vehicles/SportsCar/Materials/MI_SportsCar_Wheel.uasset" 330
"C:/Users/sam/Desktop/Unreal Projects 5.0/MobileControlKitDemo/Content/Vehicles/SportsCar/Materials/MI_SportsCar_Wheel.uexp" 331
"C:/Users/sam/Desktop/Unreal Projects 5.0/MobileControlKitDemo/Content/Vehicles/SportsCar/Materials/Textures/T_SportsCar_Wheel_BC.ubulk" 332
"C:/Users/sam/Desktop/Unreal Projects 5.0/MobileControlKitDemo/Content/Vehicles/SportsCar/Materials/Textures/T_SportsCar_Wheel_BC.uasset" 333
"C:/Users/sam/Desktop/Unreal Projects 5.0/MobileControlKitDemo/Content/Vehicles/SportsCar/Materials/Textures/T_SportsCar_Wheel_BC.uexp" 334
"C:/Users/sam/Desktop/Unreal Projects 5.0/MobileControlKitDemo/Content/Vehicles/PhysicsMaterials/Slippery.uasset" 335
"C:/Users/sam/Desktop/Unreal Projects 5.0/MobileControlKitDemo/Content/Vehicles/PhysicsMaterials/Slippery.uexp" 336
"C:/Users/sam/Desktop/Unreal Projects 5.0/MobileControlKitDemo/Content/Vehicles/Blueprints/VehicleUI.uasset" 337
"C:/Users/sam/Desktop/Unreal Projects 5.0/MobileControlKitDemo/Content/Vehicles/Blueprints/VehicleUI.uexp" 338
"C:/Users/sam/Desktop/Unreal Projects 5.0/MobileControlKitDemo/Content/Vehicles/Blueprints/VehiclePlayerController.uasset" 339
"C:/Users/sam/Desktop/Unreal Projects 5.0/MobileControlKitDemo/Content/Vehicles/Blueprints/VehiclePlayerController.uexp" 340
"C:/Users/sam/Desktop/Unreal Projects 5.0/MobileControlKitDemo/Content/UI/Icons/T_Lock.ubulk" 341
"C:/Users/sam/Desktop/Unreal Projects 5.0/MobileControlKitDemo/Content/UI/Icons/T_Lock.uasset" 342
"C:/Users/sam/Desktop/Unreal Projects 5.0/MobileControlKitDemo/Content/UI/Icons/T_Lock.uexp" 343
"C:/Users/sam/Desktop/Unreal Projects 5.0/MobileControlKitDemo/Content/UI/Icons/T_EyeInFrame.ubulk" 344
"C:/Users/sam/Desktop/Unreal Projects 5.0/MobileControlKitDemo/Content/UI/Icons/T_EyeInFrame.uasset" 345
"C:/Users/sam/Desktop/Unreal Projects 5.0/MobileControlKitDemo/Content/UI/Icons/T_EyeInFrame.uexp" 346
"C:/Users/sam/Desktop/Unreal Projects 5.0/MobileControlKitDemo/Content/Vehicles/PhysicsMaterials/NonSlippery.uasset" 347
"C:/Users/sam/Desktop/Unreal Projects 5.0/MobileControlKitDemo/Content/Vehicles/PhysicsMaterials/NonSlippery.uexp" 348
"C:/Users/sam/Desktop/Unreal Projects 5.0/MobileControlKitDemo/Content/LevelPrototyping/Textures/T_GridChecker_A.ubulk" 349
"C:/Users/sam/Desktop/Unreal Projects 5.0/MobileControlKitDemo/Content/LevelPrototyping/Textures/T_GridChecker_A.uasset" 350
"C:/Users/sam/Desktop/Unreal Projects 5.0/MobileControlKitDemo/Content/LevelPrototyping/Textures/T_GridChecker_A.uexp" 351
"C:/Users/sam/Desktop/Unreal Projects 5.0/MobileControlKitDemo/Content/Track/M_Track.uasset" 352
"C:/Users/sam/Desktop/Unreal Projects 5.0/MobileControlKitDemo/Content/Track/M_Track.uexp" 353
"C:/Users/sam/Desktop/Unreal Projects 5.0/MobileControlKitDemo/Content/Track/MI_TrackEdge.uasset" 354
"C:/Users/sam/Desktop/Unreal Projects 5.0/MobileControlKitDemo/Content/Track/MI_TrackEdge.uexp" 355
"C:/Users/sam/Desktop/Unreal Projects 5.0/MobileControlKitDemo/Content/Track/SM_Track_10M.uasset" 356
"C:/Users/sam/Desktop/Unreal Projects 5.0/MobileControlKitDemo/Content/Track/SM_Track_10M.uexp" 357
"../../../Engine/Content/Functions/Engine_MaterialFunctions01/Gradient/LinearGradient.uasset" 358
"../../../Engine/Content/Functions/Engine_MaterialFunctions01/Gradient/LinearGradient.uexp" 359
"../../../Engine/Content/Functions/Engine_MaterialFunctions01/ImageAdjustment/CheapContrast.uasset" 360
"../../../Engine/Content/Functions/Engine_MaterialFunctions01/ImageAdjustment/CheapContrast.uexp" 361
"C:/Users/sam/Desktop/Unreal Projects 5.0/MobileControlKitDemo/Content/LevelPrototyping/Materials/MF_ProcGrid.uasset" 362
"C:/Users/sam/Desktop/Unreal Projects 5.0/MobileControlKitDemo/Content/LevelPrototyping/Materials/MF_ProcGrid.uexp" 363
"C:/Users/sam/Desktop/Unreal Projects 5.0/MobileControlKitDemo/Content/LevelPrototyping/Materials/M_PrototypeGrid.uasset" 364
"C:/Users/sam/Desktop/Unreal Projects 5.0/MobileControlKitDemo/Content/LevelPrototyping/Materials/M_PrototypeGrid.uexp" 365
"C:/Users/sam/Desktop/Unreal Projects 5.0/MobileControlKitDemo/Content/LevelPrototyping/Materials/MI_PrototypeGrid_Gray.uasset" 366
"C:/Users/sam/Desktop/Unreal Projects 5.0/MobileControlKitDemo/Content/LevelPrototyping/Materials/MI_PrototypeGrid_Gray.uexp" 367
"C:/Users/sam/Desktop/Unreal Projects 5.0/MobileControlKitDemo/Content/LevelPrototyping/Meshes/SM_Ramp.uasset" 368
"C:/Users/sam/Desktop/Unreal Projects 5.0/MobileControlKitDemo/Content/LevelPrototyping/Meshes/SM_Ramp.uexp" 369
"C:/Users/sam/Desktop/Unreal Projects 5.0/MobileControlKitDemo/Content/LevelPrototyping/Meshes/SM_QuarterCylinder.uasset" 370
"C:/Users/sam/Desktop/Unreal Projects 5.0/MobileControlKitDemo/Content/LevelPrototyping/Meshes/SM_QuarterCylinder.uexp" 371
"C:/Users/sam/Desktop/Unreal Projects 5.0/MobileControlKitDemo/Content/LevelPrototyping/Meshes/SM_Cylinder.uasset" 372
"C:/Users/sam/Desktop/Unreal Projects 5.0/MobileControlKitDemo/Content/LevelPrototyping/Meshes/SM_Cylinder.uexp" 373
"C:/Users/sam/Desktop/Unreal Projects 5.0/MobileControlKitDemo/Content/LevelPrototyping/Meshes/SM_Cube.uasset" 374
"C:/Users/sam/Desktop/Unreal Projects 5.0/MobileControlKitDemo/Content/LevelPrototyping/Meshes/SM_Cube.uexp" 375
"C:/Users/sam/Desktop/Unreal Projects 5.0/MobileControlKitDemo/Content/LevelPrototyping/Materials/M_Solid.uasset" 376
"C:/Users/sam/Desktop/Unreal Projects 5.0/MobileControlKitDemo/Content/LevelPrototyping/Materials/M_Solid.uexp" 377
"C:/Users/sam/Desktop/Unreal Projects 5.0/MobileControlKitDemo/Content/LevelPrototyping/Materials/MI_Solid_Blue.uasset" 378
"C:/Users/sam/Desktop/Unreal Projects 5.0/MobileControlKitDemo/Content/LevelPrototyping/Materials/MI_Solid_Blue.uexp" 379
"C:/Users/sam/Desktop/Unreal Projects 5.0/MobileControlKitDemo/Content/LevelPrototyping/Meshes/SM_ChamferCube.uasset" 380
"C:/Users/sam/Desktop/Unreal Projects 5.0/MobileControlKitDemo/Content/LevelPrototyping/Meshes/SM_ChamferCube.uexp" 381
"C:/Users/sam/Desktop/Unreal Projects 5.0/MobileControlKitDemo/Content/LevelPrototyping/Materials/MI_PrototypeGrid_TopDark.uasset" 382
"C:/Users/sam/Desktop/Unreal Projects 5.0/MobileControlKitDemo/Content/LevelPrototyping/Materials/MI_PrototypeGrid_TopDark.uexp" 383
"C:/Users/sam/Desktop/Unreal Projects 5.0/MobileControlKitDemo/Content/LevelPrototyping/Materials/MI_PrototypeGrid_Gray_02.uasset" 384
"C:/Users/sam/Desktop/Unreal Projects 5.0/MobileControlKitDemo/Content/LevelPrototyping/Materials/MI_PrototypeGrid_Gray_02.uexp" 385
"C:/Users/sam/Desktop/Unreal Projects 5.0/MobileControlKitDemo/Content/Characters/Mannequins/Meshes/SK_Mannequin.uasset" 386
"C:/Users/sam/Desktop/Unreal Projects 5.0/MobileControlKitDemo/Content/Characters/Mannequins/Meshes/SK_Mannequin.uexp" 387
"../../../Engine/Content/Animation/DefaultAnimCurveCompressionSettings.uasset" 388
"../../../Engine/Content/Animation/DefaultAnimCurveCompressionSettings.uexp" 389
"../../../Engine/Content/Animation/DefaultAnimBoneCompressionSettings.uasset" 390
"../../../Engine/Content/Animation/DefaultAnimBoneCompressionSettings.uexp" 391
"C:/Users/sam/Desktop/Unreal Projects 5.0/MobileControlKitDemo/Content/Characters/Mannequins/Rigs/Poses/Manny/Manny_foot_l_anim.uasset" 392
"C:/Users/sam/Desktop/Unreal Projects 5.0/MobileControlKitDemo/Content/Characters/Mannequins/Rigs/Poses/Manny/Manny_foot_l_anim.uexp" 393
"C:/Users/sam/Desktop/Unreal Projects 5.0/MobileControlKitDemo/Content/Characters/Mannequins/Rigs/Poses/Manny/Manny_foot_l_pose.uasset" 394
"C:/Users/sam/Desktop/Unreal Projects 5.0/MobileControlKitDemo/Content/Characters/Mannequins/Rigs/Poses/Manny/Manny_foot_l_pose.uexp" 395
"C:/Users/sam/Desktop/Unreal Projects 5.0/MobileControlKitDemo/Content/Characters/Mannequins/Rigs/Poses/Manny/Manny_thigh_r_anim.uasset" 396
"C:/Users/sam/Desktop/Unreal Projects 5.0/MobileControlKitDemo/Content/Characters/Mannequins/Rigs/Poses/Manny/Manny_thigh_r_anim.uexp" 397
"C:/Users/sam/Desktop/Unreal Projects 5.0/MobileControlKitDemo/Content/Characters/Mannequins/Rigs/Poses/Manny/Manny_thigh_r_pose.uasset" 398
"C:/Users/sam/Desktop/Unreal Projects 5.0/MobileControlKitDemo/Content/Characters/Mannequins/Rigs/Poses/Manny/Manny_thigh_r_pose.uexp" 399
"C:/Users/sam/Desktop/Unreal Projects 5.0/MobileControlKitDemo/Content/Characters/Mannequins/Rigs/Poses/Manny/Manny_hand_r_anim.uasset" 400
"C:/Users/sam/Desktop/Unreal Projects 5.0/MobileControlKitDemo/Content/Characters/Mannequins/Rigs/Poses/Manny/Manny_hand_r_anim.uexp" 401
"C:/Users/sam/Desktop/Unreal Projects 5.0/MobileControlKitDemo/Content/Characters/Mannequins/Rigs/Poses/Manny/Manny_hand_r_pose.uasset" 402
"C:/Users/sam/Desktop/Unreal Projects 5.0/MobileControlKitDemo/Content/Characters/Mannequins/Rigs/Poses/Manny/Manny_hand_r_pose.uexp" 403
"C:/Users/sam/Desktop/Unreal Projects 5.0/MobileControlKitDemo/Content/Characters/Mannequins/Rigs/Poses/Manny/Manny_clavicle_l_anim.uasset" 404
"C:/Users/sam/Desktop/Unreal Projects 5.0/MobileControlKitDemo/Content/Characters/Mannequins/Rigs/Poses/Manny/Manny_clavicle_l_anim.uexp" 405
"C:/Users/sam/Desktop/Unreal Projects 5.0/MobileControlKitDemo/Content/Characters/Mannequins/Rigs/Poses/Manny/Manny_clavicle_l_pose.uasset" 406
"C:/Users/sam/Desktop/Unreal Projects 5.0/MobileControlKitDemo/Content/Characters/Mannequins/Rigs/Poses/Manny/Manny_clavicle_l_pose.uexp" 407
"C:/Users/sam/Desktop/Unreal Projects 5.0/MobileControlKitDemo/Content/Characters/Mannequins/Rigs/Poses/Manny/Manny_calf_l_anim.uasset" 408
"C:/Users/sam/Desktop/Unreal Projects 5.0/MobileControlKitDemo/Content/Characters/Mannequins/Rigs/Poses/Manny/Manny_calf_l_anim.uexp" 409
"C:/Users/sam/Desktop/Unreal Projects 5.0/MobileControlKitDemo/Content/Characters/Mannequins/Rigs/Poses/Manny/Manny_calf_l_pose.uasset" 410
"C:/Users/sam/Desktop/Unreal Projects 5.0/MobileControlKitDemo/Content/Characters/Mannequins/Rigs/Poses/Manny/Manny_calf_l_pose.uexp" 411
"C:/Users/sam/Desktop/Unreal Projects 5.0/MobileControlKitDemo/Content/Characters/Mannequins/Rigs/Poses/Manny/Manny_hand_l_anim.uasset" 412
"C:/Users/sam/Desktop/Unreal Projects 5.0/MobileControlKitDemo/Content/Characters/Mannequins/Rigs/Poses/Manny/Manny_hand_l_anim.uexp" 413
"C:/Users/sam/Desktop/Unreal Projects 5.0/MobileControlKitDemo/Content/Characters/Mannequins/Rigs/Poses/Manny/Manny_hand_l_pose.uasset" 414
"C:/Users/sam/Desktop/Unreal Projects 5.0/MobileControlKitDemo/Content/Characters/Mannequins/Rigs/Poses/Manny/Manny_hand_l_pose.uexp" 415
"../../../Engine/Plugins/Animation/ControlRig/Content/Controls/DefaultGizmoLibrary.uasset" 416
"../../../Engine/Plugins/Animation/ControlRig/Content/Controls/DefaultGizmoLibrary.uexp" 417
"C:/Users/sam/Desktop/Unreal Projects 5.0/MobileControlKitDemo/Content/Characters/Mannequins/Rigs/CR_Mannequin_Procedural.uasset" 418
"C:/Users/sam/Desktop/Unreal Projects 5.0/MobileControlKitDemo/Content/Characters/Mannequins/Rigs/CR_Mannequin_Procedural.uexp" 419
"C:/Users/sam/Desktop/Unreal Projects 5.0/MobileControlKitDemo/Content/Characters/Mannequins/Rigs/Poses/Manny/Manny_upperarm_r_anim.uasset" 420
"C:/Users/sam/Desktop/Unreal Projects 5.0/MobileControlKitDemo/Content/Characters/Mannequins/Rigs/Poses/Manny/Manny_upperarm_r_anim.uexp" 421
"C:/Users/sam/Desktop/Unreal Projects 5.0/MobileControlKitDemo/Content/Characters/Mannequins/Rigs/Poses/Manny/Manny_upperarm_r_pose.uasset" 422
"C:/Users/sam/Desktop/Unreal Projects 5.0/MobileControlKitDemo/Content/Characters/Mannequins/Rigs/Poses/Manny/Manny_upperarm_r_pose.uexp" 423
"C:/Users/sam/Desktop/Unreal Projects 5.0/MobileControlKitDemo/Content/Characters/Mannequins/Rigs/Poses/Manny/Manny_lowerarm_r_anim.uasset" 424
"C:/Users/sam/Desktop/Unreal Projects 5.0/MobileControlKitDemo/Content/Characters/Mannequins/Rigs/Poses/Manny/Manny_lowerarm_r_anim.uexp" 425
"C:/Users/sam/Desktop/Unreal Projects 5.0/MobileControlKitDemo/Content/Characters/Mannequins/Rigs/Poses/Manny/Manny_lowerarm_r_pose.uasset" 426
"C:/Users/sam/Desktop/Unreal Projects 5.0/MobileControlKitDemo/Content/Characters/Mannequins/Rigs/Poses/Manny/Manny_lowerarm_r_pose.uexp" 427
"C:/Users/sam/Desktop/Unreal Projects 5.0/MobileControlKitDemo/Content/Characters/Mannequins/Rigs/Poses/Manny/Manny_calf_r_anim.uasset" 428
"C:/Users/sam/Desktop/Unreal Projects 5.0/MobileControlKitDemo/Content/Characters/Mannequins/Rigs/Poses/Manny/Manny_calf_r_anim.uexp" 429
"C:/Users/sam/Desktop/Unreal Projects 5.0/MobileControlKitDemo/Content/Characters/Mannequins/Rigs/Poses/Manny/Manny_calf_r_pose.uasset" 430
"C:/Users/sam/Desktop/Unreal Projects 5.0/MobileControlKitDemo/Content/Characters/Mannequins/Rigs/Poses/Manny/Manny_calf_r_pose.uexp" 431
"C:/Users/sam/Desktop/Unreal Projects 5.0/MobileControlKitDemo/Content/Characters/Mannequins/Rigs/Poses/Manny/Manny_foot_r_anim.uasset" 432
"C:/Users/sam/Desktop/Unreal Projects 5.0/MobileControlKitDemo/Content/Characters/Mannequins/Rigs/Poses/Manny/Manny_foot_r_anim.uexp" 433
"C:/Users/sam/Desktop/Unreal Projects 5.0/MobileControlKitDemo/Content/Characters/Mannequins/Rigs/Poses/Manny/Manny_foot_r_pose.uasset" 434
"C:/Users/sam/Desktop/Unreal Projects 5.0/MobileControlKitDemo/Content/Characters/Mannequins/Rigs/Poses/Manny/Manny_foot_r_pose.uexp" 435
"C:/Users/sam/Desktop/Unreal Projects 5.0/MobileControlKitDemo/Content/Characters/Mannequins/Rigs/Poses/Manny/Manny_lowerarm_l_anim.uasset" 436
"C:/Users/sam/Desktop/Unreal Projects 5.0/MobileControlKitDemo/Content/Characters/Mannequins/Rigs/Poses/Manny/Manny_lowerarm_l_anim.uexp" 437
"C:/Users/sam/Desktop/Unreal Projects 5.0/MobileControlKitDemo/Content/Characters/Mannequins/Rigs/Poses/Manny/Manny_lowerarm_l_pose.uasset" 438
"C:/Users/sam/Desktop/Unreal Projects 5.0/MobileControlKitDemo/Content/Characters/Mannequins/Rigs/Poses/Manny/Manny_lowerarm_l_pose.uexp" 439
"C:/Users/sam/Desktop/Unreal Projects 5.0/MobileControlKitDemo/Content/Characters/Mannequins/Rigs/Poses/Manny/Manny_clavicle_r_anim.uasset" 440
"C:/Users/sam/Desktop/Unreal Projects 5.0/MobileControlKitDemo/Content/Characters/Mannequins/Rigs/Poses/Manny/Manny_clavicle_r_anim.uexp" 441
"C:/Users/sam/Desktop/Unreal Projects 5.0/MobileControlKitDemo/Content/Characters/Mannequins/Rigs/Poses/Manny/Manny_clavicle_r_pose.uasset" 442
"C:/Users/sam/Desktop/Unreal Projects 5.0/MobileControlKitDemo/Content/Characters/Mannequins/Rigs/Poses/Manny/Manny_clavicle_r_pose.uexp" 443
"C:/Users/sam/Desktop/Unreal Projects 5.0/MobileControlKitDemo/Content/Characters/Mannequins/Rigs/Poses/Manny/Manny_thigh_l_anim.uasset" 444
"C:/Users/sam/Desktop/Unreal Projects 5.0/MobileControlKitDemo/Content/Characters/Mannequins/Rigs/Poses/Manny/Manny_thigh_l_anim.uexp" 445
"C:/Users/sam/Desktop/Unreal Projects 5.0/MobileControlKitDemo/Content/Characters/Mannequins/Rigs/Poses/Manny/Manny_thigh_l_pose.uasset" 446
"C:/Users/sam/Desktop/Unreal Projects 5.0/MobileControlKitDemo/Content/Characters/Mannequins/Rigs/Poses/Manny/Manny_thigh_l_pose.uexp" 447
"C:/Users/sam/Desktop/Unreal Projects 5.0/MobileControlKitDemo/Content/Characters/Mannequins/Rigs/Poses/Manny/Manny_upperarm_l_anim.uasset" 448
"C:/Users/sam/Desktop/Unreal Projects 5.0/MobileControlKitDemo/Content/Characters/Mannequins/Rigs/Poses/Manny/Manny_upperarm_l_anim.uexp" 449
"C:/Users/sam/Desktop/Unreal Projects 5.0/MobileControlKitDemo/Content/Characters/Mannequins/Rigs/Poses/Manny/Manny_upperarm_l_pose.uasset" 450
"C:/Users/sam/Desktop/Unreal Projects 5.0/MobileControlKitDemo/Content/Characters/Mannequins/Rigs/Poses/Manny/Manny_upperarm_l_pose.uexp" 451
"C:/Users/sam/Desktop/Unreal Projects 5.0/MobileControlKitDemo/Content/Characters/Mannequins/Rigs/ABP_Manny_PostProcess.uasset" 452
"C:/Users/sam/Desktop/Unreal Projects 5.0/MobileControlKitDemo/Content/Characters/Mannequins/Rigs/ABP_Manny_PostProcess.uexp" 453
"C:/Users/sam/Desktop/Unreal Projects 5.0/MobileControlKitDemo/Content/Characters/Mannequins/Textures/Manny/T_Manny_02_MSR_MSK.ubulk" 454
"C:/Users/sam/Desktop/Unreal Projects 5.0/MobileControlKitDemo/Content/Characters/Mannequins/Textures/Manny/T_Manny_02_MSR_MSK.uasset" 455
"C:/Users/sam/Desktop/Unreal Projects 5.0/MobileControlKitDemo/Content/Characters/Mannequins/Textures/Manny/T_Manny_02_MSR_MSK.uexp" 456
"C:/Users/sam/Desktop/Unreal Projects 5.0/MobileControlKitDemo/Content/Characters/Mannequins/Textures/Manny/T_Manny_02_CCRCCPlastic_MSK.ubulk" 457
"C:/Users/sam/Desktop/Unreal Projects 5.0/MobileControlKitDemo/Content/Characters/Mannequins/Textures/Manny/T_Manny_02_CCRCCPlastic_MSK.uasset" 458
"C:/Users/sam/Desktop/Unreal Projects 5.0/MobileControlKitDemo/Content/Characters/Mannequins/Textures/Manny/T_Manny_02_CCRCCPlastic_MSK.uexp" 459
"C:/Users/sam/Desktop/Unreal Projects 5.0/MobileControlKitDemo/Content/Characters/Mannequins/Textures/Manny/T_Manny_02_Tan.ubulk" 460
"C:/Users/sam/Desktop/Unreal Projects 5.0/MobileControlKitDemo/Content/Characters/Mannequins/Textures/Manny/T_Manny_02_Tan.uasset" 461
"C:/Users/sam/Desktop/Unreal Projects 5.0/MobileControlKitDemo/Content/Characters/Mannequins/Textures/Manny/T_Manny_02_Tan.uexp" 462
"C:/Users/sam/Desktop/Unreal Projects 5.0/MobileControlKitDemo/Content/Characters/Mannequins/Textures/Manny/T_Manny_02_N.ubulk" 463
"C:/Users/sam/Desktop/Unreal Projects 5.0/MobileControlKitDemo/Content/Characters/Mannequins/Textures/Manny/T_Manny_02_N.uasset" 464
"C:/Users/sam/Desktop/Unreal Projects 5.0/MobileControlKitDemo/Content/Characters/Mannequins/Textures/Manny/T_Manny_02_N.uexp" 465
"C:/Users/sam/Desktop/Unreal Projects 5.0/MobileControlKitDemo/Content/Characters/Mannequins/Textures/Manny/T_Manny_01_N.ubulk" 466
"C:/Users/sam/Desktop/Unreal Projects 5.0/MobileControlKitDemo/Content/Characters/Mannequins/Textures/Manny/T_Manny_01_N.uasset" 467
"C:/Users/sam/Desktop/Unreal Projects 5.0/MobileControlKitDemo/Content/Characters/Mannequins/Textures/Manny/T_Manny_01_N.uexp" 468
"C:/Users/sam/Desktop/Unreal Projects 5.0/MobileControlKitDemo/Content/Characters/Mannequins/Materials/Functions/ChromaticCurve.uasset" 469
"C:/Users/sam/Desktop/Unreal Projects 5.0/MobileControlKitDemo/Content/Characters/Mannequins/Materials/Functions/ChromaticCurve.uexp" 470
"C:/Users/sam/Desktop/Unreal Projects 5.0/MobileControlKitDemo/Content/Characters/Mannequins/Materials/Functions/CA_Mannequin.uasset" 471
"C:/Users/sam/Desktop/Unreal Projects 5.0/MobileControlKitDemo/Content/Characters/Mannequins/Materials/Functions/CA_Mannequin.uexp" 472
"C:/Users/sam/Desktop/Unreal Projects 5.0/MobileControlKitDemo/Content/Characters/Mannequins/Materials/Functions/MF_Diffraction.uasset" 473
"C:/Users/sam/Desktop/Unreal Projects 5.0/MobileControlKitDemo/Content/Characters/Mannequins/Materials/Functions/MF_Diffraction.uexp" 474
"C:/Users/sam/Desktop/Unreal Projects 5.0/MobileControlKitDemo/Content/Characters/Mannequins/Materials/Functions/ML_BaseColorFallOff.uasset" 475
"C:/Users/sam/Desktop/Unreal Projects 5.0/MobileControlKitDemo/Content/Characters/Mannequins/Materials/Functions/ML_BaseColorFallOff.uexp" 476
"../../../Engine/Content/Functions/Engine_MaterialFunctions01/Texturing/ScaleUVsByCenter.uasset" 477
"../../../Engine/Content/Functions/Engine_MaterialFunctions01/Texturing/ScaleUVsByCenter.uexp" 478
"C:/Users/sam/Desktop/Unreal Projects 5.0/MobileControlKitDemo/Content/Characters/Mannequins/Textures/Shared/T_UE_Logo_M.uasset" 479
"C:/Users/sam/Desktop/Unreal Projects 5.0/MobileControlKitDemo/Content/Characters/Mannequins/Textures/Shared/T_UE_Logo_M.uexp" 480
"C:/Users/sam/Desktop/Unreal Projects 5.0/MobileControlKitDemo/Content/Characters/Mannequins/Materials/Functions/MF_logo3layers.uasset" 481
"C:/Users/sam/Desktop/Unreal Projects 5.0/MobileControlKitDemo/Content/Characters/Mannequins/Materials/Functions/MF_logo3layers.uexp" 482
"C:/Users/sam/Desktop/Unreal Projects 5.0/MobileControlKitDemo/Content/Characters/Mannequins/Textures/Manny/T_Manny_01_CCRCCPlastic_MSK.ubulk" 483
"C:/Users/sam/Desktop/Unreal Projects 5.0/MobileControlKitDemo/Content/Characters/Mannequins/Textures/Manny/T_Manny_01_CCRCCPlastic_MSK.uasset" 484
"C:/Users/sam/Desktop/Unreal Projects 5.0/MobileControlKitDemo/Content/Characters/Mannequins/Textures/Manny/T_Manny_01_CCRCCPlastic_MSK.uexp" 485
"C:/Users/sam/Desktop/Unreal Projects 5.0/MobileControlKitDemo/Content/Characters/Mannequins/Textures/Manny/T_Manny_01_ASAOPMASK_MSK.ubulk" 486
"C:/Users/sam/Desktop/Unreal Projects 5.0/MobileControlKitDemo/Content/Characters/Mannequins/Textures/Manny/T_Manny_01_ASAOPMASK_MSK.uasset" 487
"C:/Users/sam/Desktop/Unreal Projects 5.0/MobileControlKitDemo/Content/Characters/Mannequins/Textures/Manny/T_Manny_01_ASAOPMASK_MSK.uexp" 488
"C:/Users/sam/Desktop/Unreal Projects 5.0/MobileControlKitDemo/Content/Characters/Mannequins/Textures/Manny/T_Manny_01_MSR_MSK.ubulk" 489
"C:/Users/sam/Desktop/Unreal Projects 5.0/MobileControlKitDemo/Content/Characters/Mannequins/Textures/Manny/T_Manny_01_MSR_MSK.uasset" 490
"C:/Users/sam/Desktop/Unreal Projects 5.0/MobileControlKitDemo/Content/Characters/Mannequins/Textures/Manny/T_Manny_01_MSR_MSK.uexp" 491
"C:/Users/sam/Desktop/Unreal Projects 5.0/MobileControlKitDemo/Content/Characters/Mannequins/Textures/Manny/T_Manny_01_BN.ubulk" 492
"C:/Users/sam/Desktop/Unreal Projects 5.0/MobileControlKitDemo/Content/Characters/Mannequins/Textures/Manny/T_Manny_01_BN.uasset" 493
"C:/Users/sam/Desktop/Unreal Projects 5.0/MobileControlKitDemo/Content/Characters/Mannequins/Textures/Manny/T_Manny_01_BN.uexp" 494
"C:/Users/sam/Desktop/Unreal Projects 5.0/MobileControlKitDemo/Content/Characters/Mannequins/Textures/Manny/T_Manny_01_D.ubulk" 495
"C:/Users/sam/Desktop/Unreal Projects 5.0/MobileControlKitDemo/Content/Characters/Mannequins/Textures/Manny/T_Manny_01_D.uasset" 496
"C:/Users/sam/Desktop/Unreal Projects 5.0/MobileControlKitDemo/Content/Characters/Mannequins/Textures/Manny/T_Manny_01_D.uexp" 497
"C:/Users/sam/Desktop/Unreal Projects 5.0/MobileControlKitDemo/Content/Characters/Mannequins/Textures/Manny/T_Manny_01_Tan.ubulk" 498
"C:/Users/sam/Desktop/Unreal Projects 5.0/MobileControlKitDemo/Content/Characters/Mannequins/Textures/Manny/T_Manny_01_Tan.uasset" 499
"C:/Users/sam/Desktop/Unreal Projects 5.0/MobileControlKitDemo/Content/Characters/Mannequins/Textures/Manny/T_Manny_01_Tan.uexp" 500
"C:/Users/sam/Desktop/Unreal Projects 5.0/MobileControlKitDemo/Content/Characters/Mannequins/Materials/M_Mannequin.uasset" 501
"C:/Users/sam/Desktop/Unreal Projects 5.0/MobileControlKitDemo/Content/Characters/Mannequins/Materials/M_Mannequin.uexp" 502
"C:/Users/sam/Desktop/Unreal Projects 5.0/MobileControlKitDemo/Content/Characters/Mannequins/Materials/Instances/Manny/MI_Manny_01.uasset" 503
"C:/Users/sam/Desktop/Unreal Projects 5.0/MobileControlKitDemo/Content/Characters/Mannequins/Materials/Instances/Manny/MI_Manny_01.uexp" 504
"C:/Users/sam/Desktop/Unreal Projects 5.0/MobileControlKitDemo/Content/Characters/Mannequins/Textures/Manny/T_Manny_02_BN.ubulk" 505
"C:/Users/sam/Desktop/Unreal Projects 5.0/MobileControlKitDemo/Content/Characters/Mannequins/Textures/Manny/T_Manny_02_BN.uasset" 506
"C:/Users/sam/Desktop/Unreal Projects 5.0/MobileControlKitDemo/Content/Characters/Mannequins/Textures/Manny/T_Manny_02_BN.uexp" 507
"C:/Users/sam/Desktop/Unreal Projects 5.0/MobileControlKitDemo/Content/Characters/Mannequins/Textures/Manny/T_Manny_02_ASAOPMASK_MSK.ubulk" 508
"C:/Users/sam/Desktop/Unreal Projects 5.0/MobileControlKitDemo/Content/Characters/Mannequins/Textures/Manny/T_Manny_02_ASAOPMASK_MSK.uasset" 509
"C:/Users/sam/Desktop/Unreal Projects 5.0/MobileControlKitDemo/Content/Characters/Mannequins/Textures/Manny/T_Manny_02_ASAOPMASK_MSK.uexp" 510
"C:/Users/sam/Desktop/Unreal Projects 5.0/MobileControlKitDemo/Content/Characters/Mannequins/Textures/Manny/T_Manny_02_D.ubulk" 511
"C:/Users/sam/Desktop/Unreal Projects 5.0/MobileControlKitDemo/Content/Characters/Mannequins/Textures/Manny/T_Manny_02_D.uasset" 512
"C:/Users/sam/Desktop/Unreal Projects 5.0/MobileControlKitDemo/Content/Characters/Mannequins/Textures/Manny/T_Manny_02_D.uexp" 513
"C:/Users/sam/Desktop/Unreal Projects 5.0/MobileControlKitDemo/Content/Characters/Mannequins/Materials/Instances/Manny/MI_Manny_02.uasset" 514
"C:/Users/sam/Desktop/Unreal Projects 5.0/MobileControlKitDemo/Content/Characters/Mannequins/Materials/Instances/Manny/MI_Manny_02.uexp" 515
"C:/Users/sam/Desktop/Unreal Projects 5.0/MobileControlKitDemo/Content/Characters/Mannequins/Rigs/PA_Mannequin.uasset" 516
"C:/Users/sam/Desktop/Unreal Projects 5.0/MobileControlKitDemo/Content/Characters/Mannequins/Rigs/PA_Mannequin.uexp" 517
"C:/Users/sam/Desktop/Unreal Projects 5.0/MobileControlKitDemo/Content/Characters/Mannequins/Meshes/SKM_Manny.uasset" 518
"C:/Users/sam/Desktop/Unreal Projects 5.0/MobileControlKitDemo/Content/Characters/Mannequins/Meshes/SKM_Manny.uexp" 519
"C:/Users/sam/Desktop/Unreal Projects 5.0/MobileControlKitDemo/Content/Characters/Mannequins/Rigs/IK_Mannequin.uasset" 520
"C:/Users/sam/Desktop/Unreal Projects 5.0/MobileControlKitDemo/Content/Characters/Mannequins/Rigs/IK_Mannequin.uexp" 521
"C:/Users/sam/Desktop/Unreal Projects 5.0/MobileControlKitDemo/Content/Characters/Mannequins/Rigs/RTG_Mannequin.uasset" 522
"C:/Users/sam/Desktop/Unreal Projects 5.0/MobileControlKitDemo/Content/Characters/Mannequins/Rigs/RTG_Mannequin.uexp" 523
"C:/Users/sam/Desktop/Unreal Projects 5.0/MobileControlKitDemo/Content/Characters/Mannequins/Meshes/SKM_Manny_Simple.uasset" 524
"C:/Users/sam/Desktop/Unreal Projects 5.0/MobileControlKitDemo/Content/Characters/Mannequins/Meshes/SKM_Manny_Simple.uexp" 525
"C:/Users/sam/Desktop/Unreal Projects 5.0/MobileControlKitDemo/Content/Characters/Mannequins/Meshes/Mannequin_LODSettings.uasset" 526
"C:/Users/sam/Desktop/Unreal Projects 5.0/MobileControlKitDemo/Content/Characters/Mannequins/Meshes/Mannequin_LODSettings.uexp" 527
"../../../Engine/Content/Tutorial/ContentIntroCurve.uasset" 528
"../../../Engine/Content/Tutorial/ContentIntroCurve.uexp" 529
"../../../Engine/Content/VREditor/TransformGizmo/Main.uasset" 530
"../../../Engine/Content/VREditor/TransformGizmo/Main.uexp" 531
"../../../Engine/Content/VREditor/TransformGizmo/Xray.uasset" 532
"../../../Engine/Content/VREditor/TransformGizmo/Xray.uexp" 533
"../../../Engine/Content/VREditor/TransformGizmo/SM_Sequencer_Node.uasset" 534
"../../../Engine/Content/VREditor/TransformGizmo/SM_Sequencer_Node.uexp" 535
"../../../Engine/Content/VREditor/LaserPointer/VR_LaserPower_01.ubulk" 536
"../../../Engine/Content/VREditor/LaserPointer/VR_LaserPower_01.uasset" 537
"../../../Engine/Content/VREditor/LaserPointer/VR_LaserPower_01.uexp" 538
"../../../Engine/Content/VREditor/TransformGizmo/TransformGizmoMaterial.uasset" 539
"../../../Engine/Content/VREditor/TransformGizmo/TransformGizmoMaterial.uexp" 540
"../../../Engine/Content/VREditor/TransformGizmo/TranslucentTransformGizmoMaterial.uasset" 541
"../../../Engine/Content/VREditor/TransformGizmo/TranslucentTransformGizmoMaterial.uexp" 542
"../../../Engine/Content/VREditor/TransformGizmo/PlaneTranslationHandle.uasset" 543
"../../../Engine/Content/VREditor/TransformGizmo/PlaneTranslationHandle.uexp" 544
"../../../Engine/Content/VREditor/TransformGizmo/BoundingBoxEdge.uasset" 545
"../../../Engine/Content/VREditor/TransformGizmo/BoundingBoxEdge.uexp" 546
"../../../Engine/Content/VREditor/TransformGizmo/BoundingBoxCorner.uasset" 547
"../../../Engine/Content/VREditor/TransformGizmo/BoundingBoxCorner.uexp" 548
"../../../Engine/Plugins/2D/Paper2D/Content/PlaceholderTextures/DummySpriteTexture.ubulk" 549
"../../../Engine/Plugins/2D/Paper2D/Content/PlaceholderTextures/DummySpriteTexture.uasset" 550
"../../../Engine/Plugins/2D/Paper2D/Content/PlaceholderTextures/DummySpriteTexture.uexp" 551
"../../../Engine/Plugins/2D/Paper2D/Content/DefaultSpriteMaterial.uasset" 552
"../../../Engine/Plugins/2D/Paper2D/Content/DefaultSpriteMaterial.uexp" 553
"../../../Engine/Plugins/2D/Paper2D/Content/OpaqueUnlitSpriteMaterial.uasset" 554
"../../../Engine/Plugins/2D/Paper2D/Content/OpaqueUnlitSpriteMaterial.uexp" 555
"../../../Engine/Plugins/2D/Paper2D/Content/MaskedUnlitSpriteMaterial.uasset" 556
"../../../Engine/Plugins/2D/Paper2D/Content/MaskedUnlitSpriteMaterial.uexp" 557
"../../../Engine/Plugins/2D/Paper2D/Content/DummySprite.uasset" 558
"../../../Engine/Plugins/2D/Paper2D/Content/DummySprite.uexp" 559
"../../../Engine/Plugins/2D/Paper2D/Content/DefaultPaperTerrainMaterial.uasset" 560
"../../../Engine/Plugins/2D/Paper2D/Content/DefaultPaperTerrainMaterial.uexp" 561
"../../../Engine/Plugins/Animation/ControlRig/Content/M_Manip.uasset" 562
"../../../Engine/Plugins/Animation/ControlRig/Content/M_Manip.uexp" 563
"../../../Engine/Plugins/Animation/ControlRig/Content/Controls/ControlRig_Wedge_solid.uasset" 564
"../../../Engine/Plugins/Animation/ControlRig/Content/Controls/ControlRig_Wedge_solid.uexp" 565
"../../../Engine/Plugins/Animation/ControlRig/Content/Controls/ControlRig_Wedge_3mm.uasset" 566
"../../../Engine/Plugins/Animation/ControlRig/Content/Controls/ControlRig_Wedge_3mm.uexp" 567
"../../../Engine/Plugins/Animation/ControlRig/Content/Controls/ControlRig_Wedge_1mm.uasset" 568
"../../../Engine/Plugins/Animation/ControlRig/Content/Controls/ControlRig_Wedge_1mm.uexp" 569
"../../../Engine/Plugins/Animation/ControlRig/Content/Controls/ControlRig_Triangle_solid.uasset" 570
"../../../Engine/Plugins/Animation/ControlRig/Content/Controls/ControlRig_Triangle_solid.uexp" 571
"../../../Engine/Plugins/Animation/ControlRig/Content/Controls/ControlRig_Triangle_3mm.uasset" 572
"../../../Engine/Plugins/Animation/ControlRig/Content/Controls/ControlRig_Triangle_3mm.uexp" 573
"../../../Engine/Plugins/Animation/ControlRig/Content/Controls/ControlRig_Triangle_1mm.uasset" 574
"../../../Engine/Plugins/Animation/ControlRig/Content/Controls/ControlRig_Triangle_1mm.uexp" 575
"../../../Engine/Plugins/Animation/ControlRig/Content/Controls/ControlRig_Star4_solid.uasset" 576
"../../../Engine/Plugins/Animation/ControlRig/Content/Controls/ControlRig_Star4_solid.uexp" 577
"../../../Engine/Plugins/Animation/ControlRig/Content/Controls/ControlRig_Star4_3mm.uasset" 578
"../../../Engine/Plugins/Animation/ControlRig/Content/Controls/ControlRig_Star4_3mm.uexp" 579
"../../../Engine/Plugins/Animation/ControlRig/Content/Controls/ControlRig_Star4_1mm.uasset" 580
"../../../Engine/Plugins/Animation/ControlRig/Content/Controls/ControlRig_Star4_1mm.uexp" 581
"../../../Engine/Plugins/Animation/ControlRig/Content/Controls/ControlRig_Square_solid.uasset" 582
"../../../Engine/Plugins/Animation/ControlRig/Content/Controls/ControlRig_Square_solid.uexp" 583
"../../../Engine/Plugins/Animation/ControlRig/Content/Controls/ControlRig_Square_3mm.uasset" 584
"../../../Engine/Plugins/Animation/ControlRig/Content/Controls/ControlRig_Square_3mm.uexp" 585
"../../../Engine/Plugins/Animation/ControlRig/Content/Controls/ControlRig_Square_1mm.uasset" 586
"../../../Engine/Plugins/Animation/ControlRig/Content/Controls/ControlRig_Square_1mm.uexp" 587
"../../../Engine/Plugins/Animation/ControlRig/Content/Controls/ControlRig_Sphere_solid.uasset" 588
"../../../Engine/Plugins/Animation/ControlRig/Content/Controls/ControlRig_Sphere_solid.uexp" 589
"../../../Engine/Plugins/Animation/ControlRig/Content/Controls/ControlRig_Sphere_3mm.uasset" 590
"../../../Engine/Plugins/Animation/ControlRig/Content/Controls/ControlRig_Sphere_3mm.uexp" 591
"../../../Engine/Plugins/Animation/ControlRig/Content/Controls/ControlRig_Sphere_1mm.uasset" 592
"../../../Engine/Plugins/Animation/ControlRig/Content/Controls/ControlRig_Sphere_1mm.uexp" 593
"../../../Engine/Plugins/Animation/ControlRig/Content/Controls/ControlRig_RoundedTriangle_solid.uasset" 594
"../../../Engine/Plugins/Animation/ControlRig/Content/Controls/ControlRig_RoundedTriangle_solid.uexp" 595
"../../../Engine/Plugins/Animation/ControlRig/Content/Controls/ControlRig_RoundedTriangle_3mm.uasset" 596
"../../../Engine/Plugins/Animation/ControlRig/Content/Controls/ControlRig_RoundedTriangle_3mm.uexp" 597
"../../../Engine/Plugins/Animation/ControlRig/Content/Controls/ControlRig_RoundedTriangle_1mm.uasset" 598
"../../../Engine/Plugins/Animation/ControlRig/Content/Controls/ControlRig_RoundedTriangle_1mm.uexp" 599
"../../../Engine/Plugins/Animation/ControlRig/Content/Controls/ControlRig_RoundedSquare_solid.uasset" 600
"../../../Engine/Plugins/Animation/ControlRig/Content/Controls/ControlRig_RoundedSquare_solid.uexp" 601
"../../../Engine/Plugins/Animation/ControlRig/Content/Controls/ControlRig_RoundedSquare_3mm.uasset" 602
"../../../Engine/Plugins/Animation/ControlRig/Content/Controls/ControlRig_RoundedSquare_3mm.uexp" 603
"../../../Engine/Plugins/Animation/ControlRig/Content/Controls/ControlRig_RoundedSquare_1mm.uasset" 604
"../../../Engine/Plugins/Animation/ControlRig/Content/Controls/ControlRig_RoundedSquare_1mm.uexp" 605
"../../../Engine/Plugins/Animation/ControlRig/Content/Controls/ControlRig_QuarterCircle_solid.uasset" 606
"../../../Engine/Plugins/Animation/ControlRig/Content/Controls/ControlRig_QuarterCircle_solid.uexp" 607
"../../../Engine/Plugins/Animation/ControlRig/Content/Controls/ControlRig_QuarterCircle_3mm.uasset" 608
"../../../Engine/Plugins/Animation/ControlRig/Content/Controls/ControlRig_QuarterCircle_3mm.uexp" 609
"../../../Engine/Plugins/Animation/ControlRig/Content/Controls/ControlRig_QuarterCircle_1mm.uasset" 610
"../../../Engine/Plugins/Animation/ControlRig/Content/Controls/ControlRig_QuarterCircle_1mm.uexp" 611
"../../../Engine/Plugins/Animation/ControlRig/Content/Controls/ControlRig_Pyramid_solid.uasset" 612
"../../../Engine/Plugins/Animation/ControlRig/Content/Controls/ControlRig_Pyramid_solid.uexp" 613
"../../../Engine/Plugins/Animation/ControlRig/Content/Controls/ControlRig_Pyramid_3mm.uasset" 614
"../../../Engine/Plugins/Animation/ControlRig/Content/Controls/ControlRig_Pyramid_3mm.uexp" 615
"../../../Engine/Plugins/Animation/ControlRig/Content/Controls/ControlRig_Pyramid_1mm.uasset" 616
"../../../Engine/Plugins/Animation/ControlRig/Content/Controls/ControlRig_Pyramid_1mm.uexp" 617
"../../../Engine/Plugins/Animation/ControlRig/Content/Controls/ControlRig_Octagon_solid.uasset" 618
"../../../Engine/Plugins/Animation/ControlRig/Content/Controls/ControlRig_Octagon_solid.uexp" 619
"../../../Engine/Plugins/Animation/ControlRig/Content/Controls/ControlRig_Octagon_3mm.uasset" 620
"../../../Engine/Plugins/Animation/ControlRig/Content/Controls/ControlRig_Octagon_3mm.uexp" 621
"../../../Engine/Plugins/Animation/ControlRig/Content/Controls/ControlRig_Octagon_1mm.uasset" 622
"../../../Engine/Plugins/Animation/ControlRig/Content/Controls/ControlRig_Octagon_1mm.uexp" 623
"../../../Engine/Plugins/Animation/ControlRig/Content/Controls/ControlRig_Hexagon_solid.uasset" 624
"../../../Engine/Plugins/Animation/ControlRig/Content/Controls/ControlRig_Hexagon_solid.uexp" 625
"../../../Engine/Plugins/Animation/ControlRig/Content/Controls/ControlRig_Hexagon_3mm.uasset" 626
"../../../Engine/Plugins/Animation/ControlRig/Content/Controls/ControlRig_Hexagon_3mm.uexp" 627
"../../../Engine/Plugins/Animation/ControlRig/Content/Controls/ControlRig_Hexagon_1mm.uasset" 628
"../../../Engine/Plugins/Animation/ControlRig/Content/Controls/ControlRig_Hexagon_1mm.uexp" 629
"../../../Engine/Plugins/Animation/ControlRig/Content/Controls/ControlRig_HalfCircle_solid.uasset" 630
"../../../Engine/Plugins/Animation/ControlRig/Content/Controls/ControlRig_HalfCircle_solid.uexp" 631
"../../../Engine/Plugins/Animation/ControlRig/Content/Controls/ControlRig_HalfCircle_3mm.uasset" 632
"../../../Engine/Plugins/Animation/ControlRig/Content/Controls/ControlRig_HalfCircle_3mm.uexp" 633
"../../../Engine/Plugins/Animation/ControlRig/Content/Controls/ControlRig_HalfCircle_1mm.uasset" 634
"../../../Engine/Plugins/Animation/ControlRig/Content/Controls/ControlRig_HalfCircle_1mm.uexp" 635
"../../../Engine/Plugins/Animation/ControlRig/Content/Controls/ControlRig_Diamond_solid.uasset" 636
"../../../Engine/Plugins/Animation/ControlRig/Content/Controls/ControlRig_Diamond_solid.uexp" 637
"../../../Engine/Plugins/Animation/ControlRig/Content/Controls/ControlRig_Diamond_3mm.uasset" 638
"../../../Engine/Plugins/Animation/ControlRig/Content/Controls/ControlRig_Diamond_3mm.uexp" 639
"../../../Engine/Plugins/Animation/ControlRig/Content/Controls/ControlRig_Diamond_1mm.uasset" 640
"../../../Engine/Plugins/Animation/ControlRig/Content/Controls/ControlRig_Diamond_1mm.uexp" 641
"../../../Engine/Plugins/Animation/ControlRig/Content/Controls/ControlRig_Circle_solid.uasset" 642
"../../../Engine/Plugins/Animation/ControlRig/Content/Controls/ControlRig_Circle_solid.uexp" 643
"../../../Engine/Plugins/Animation/ControlRig/Content/Controls/ControlRig_Circle_3mm.uasset" 644
"../../../Engine/Plugins/Animation/ControlRig/Content/Controls/ControlRig_Circle_3mm.uexp" 645
"../../../Engine/Plugins/Animation/ControlRig/Content/Controls/ControlRig_Circle_1mm.uasset" 646
"../../../Engine/Plugins/Animation/ControlRig/Content/Controls/ControlRig_Circle_1mm.uexp" 647
"../../../Engine/Plugins/Animation/ControlRig/Content/Controls/ControlRig_Box_solid.uasset" 648
"../../../Engine/Plugins/Animation/ControlRig/Content/Controls/ControlRig_Box_solid.uexp" 649
"../../../Engine/Plugins/Animation/ControlRig/Content/Controls/ControlRig_Box_3mm.uasset" 650
"../../../Engine/Plugins/Animation/ControlRig/Content/Controls/ControlRig_Box_3mm.uexp" 651
"../../../Engine/Plugins/Animation/ControlRig/Content/Controls/ControlRig_Box_1mm.uasset" 652
"../../../Engine/Plugins/Animation/ControlRig/Content/Controls/ControlRig_Box_1mm.uexp" 653
"../../../Engine/Plugins/Animation/ControlRig/Content/Controls/ControlRig_Arrow_solid.uasset" 654
"../../../Engine/Plugins/Animation/ControlRig/Content/Controls/ControlRig_Arrow_solid.uexp" 655
"../../../Engine/Plugins/Animation/ControlRig/Content/Controls/ControlRig_Arrow_3mm.uasset" 656
"../../../Engine/Plugins/Animation/ControlRig/Content/Controls/ControlRig_Arrow_3mm.uexp" 657
"../../../Engine/Plugins/Animation/ControlRig/Content/Controls/ControlRig_Arrow_1mm.uasset" 658
"../../../Engine/Plugins/Animation/ControlRig/Content/Controls/ControlRig_Arrow_1mm.uexp" 659
"../../../Engine/Plugins/Animation/ControlRig/Content/Controls/ControlRig_Arrow4_solid.uasset" 660
"../../../Engine/Plugins/Animation/ControlRig/Content/Controls/ControlRig_Arrow4_solid.uexp" 661
"../../../Engine/Plugins/Animation/ControlRig/Content/Controls/ControlRig_Arrow4_3mm.uasset" 662
"../../../Engine/Plugins/Animation/ControlRig/Content/Controls/ControlRig_Arrow4_3mm.uexp" 663
"../../../Engine/Plugins/Animation/ControlRig/Content/Controls/ControlRig_Arrow4_1mm.uasset" 664
"../../../Engine/Plugins/Animation/ControlRig/Content/Controls/ControlRig_Arrow4_1mm.uexp" 665
"../../../Engine/Plugins/Animation/ControlRig/Content/Controls/ControlRig_Arrow2_solid.uasset" 666
"../../../Engine/Plugins/Animation/ControlRig/Content/Controls/ControlRig_Arrow2_solid.uexp" 667
"../../../Engine/Plugins/Animation/ControlRig/Content/Controls/ControlRig_Arrow2_3mm.uasset" 668
"../../../Engine/Plugins/Animation/ControlRig/Content/Controls/ControlRig_Arrow2_3mm.uexp" 669
"../../../Engine/Plugins/Animation/ControlRig/Content/Controls/ControlRig_Arrow2_1mm.uasset" 670
"../../../Engine/Plugins/Animation/ControlRig/Content/Controls/ControlRig_Arrow2_1mm.uexp" 671
"../../../Engine/Plugins/Animation/ControlRig/Content/Controls/ControlRigGizmoMaterial.uasset" 672
"../../../Engine/Plugins/Animation/ControlRig/Content/Controls/ControlRigGizmoMaterial.uexp" 673
"../../../Engine/Plugins/Editor/SpeedTreeImporter/Content/SpeedTree9/game_wind_noise.ubulk" 674
"../../../Engine/Plugins/Editor/SpeedTreeImporter/Content/SpeedTree9/game_wind_noise.uasset" 675
"../../../Engine/Plugins/Editor/SpeedTreeImporter/Content/SpeedTree9/game_wind_noise.uexp" 676
"../../../Engine/Plugins/Editor/SpeedTreeImporter/Content/SpeedTree9/UnpackDirection.uasset" 677
"../../../Engine/Plugins/Editor/SpeedTreeImporter/Content/SpeedTree9/UnpackDirection.uexp" 678
"../../../Engine/Content/Functions/Engine_MaterialFunctions02/ObjectLocalBounds.uasset" 679
"../../../Engine/Content/Functions/Engine_MaterialFunctions02/ObjectLocalBounds.uexp" 680
"../../../Engine/Content/Functions/Engine_MaterialFunctions02/UVs/BoundingBoxBased_0-1_UVW.uasset" 681
"../../../Engine/Content/Functions/Engine_MaterialFunctions02/UVs/BoundingBoxBased_0-1_UVW.uexp" 682
"../../../Engine/Content/Functions/Engine_MaterialFunctions02/Utility/VectorLength.uasset" 683
"../../../Engine/Content/Functions/Engine_MaterialFunctions02/Utility/VectorLength.uexp" 684
"../../../Engine/Plugins/Editor/SpeedTreeImporter/Content/SpeedTree9/UnpackInteger3.uasset" 685
"../../../Engine/Plugins/Editor/SpeedTreeImporter/Content/SpeedTree9/UnpackInteger3.uexp" 686
"../../../Engine/Plugins/Editor/SpeedTreeImporter/Content/SpeedTree9/SpeedTreeCameraFacing.uasset" 687
"../../../Engine/Plugins/Editor/SpeedTreeImporter/Content/SpeedTree9/SpeedTreeCameraFacing.uexp" 688
"../../../Engine/Content/Functions/Engine_MaterialFunctions02/WorldPositionOffset/ObjectScale.uasset" 689
"../../../Engine/Content/Functions/Engine_MaterialFunctions02/WorldPositionOffset/ObjectScale.uexp" 690
"../../../Engine/Content/Functions/Engine_MaterialFunctions02/SafeNormalize.uasset" 691
"../../../Engine/Content/Functions/Engine_MaterialFunctions02/SafeNormalize.uexp" 692
"../../../Engine/Plugins/Editor/SpeedTreeImporter/Content/SpeedTree9/SpeedTreeWindMotion.uasset" 693
"../../../Engine/Plugins/Editor/SpeedTreeImporter/Content/SpeedTree9/SpeedTreeWindMotion.uexp" 694
"../../../Engine/Plugins/Editor/SpeedTreeImporter/Content/SpeedTree9/SpeedTreeBranchMotion.uasset" 695
"../../../Engine/Plugins/Editor/SpeedTreeImporter/Content/SpeedTree9/SpeedTreeBranchMotion.uexp" 696
"../../../Engine/Plugins/Editor/SpeedTreeImporter/Content/SpeedTree9/SpeedTreeWind.uasset" 697
"../../../Engine/Plugins/Editor/SpeedTreeImporter/Content/SpeedTree9/SpeedTreeWind.uexp" 698
"../../../Engine/Plugins/Editor/SpeedTreeImporter/Content/SpeedTree9/EmptyNormal.uasset" 699
"../../../Engine/Plugins/Editor/SpeedTreeImporter/Content/SpeedTree9/EmptyNormal.uexp" 700
"../../../Engine/Plugins/Editor/SpeedTreeImporter/Content/SpeedTree9/Empty.uasset" 701
"../../../Engine/Plugins/Editor/SpeedTreeImporter/Content/SpeedTree9/Empty.uexp" 702
"../../../Engine/Plugins/Editor/SpeedTreeImporter/Content/SpeedTree9/SpeedTreeMaster.uasset" 703
"../../../Engine/Plugins/Editor/SpeedTreeImporter/Content/SpeedTree9/SpeedTreeMaster.uexp" 704
"../../../Engine/Plugins/Editor/SpeedTreeImporter/Content/SpeedTree9/SpeedTreeBillboard.uasset" 705
"../../../Engine/Plugins/Editor/SpeedTreeImporter/Content/SpeedTree9/SpeedTreeBillboard.uexp" 706
"../../../Engine/Plugins/Editor/SpeedTreeImporter/Content/SpeedTree9/SpeedTreeBillboardMaster.uasset" 707
"../../../Engine/Plugins/Editor/SpeedTreeImporter/Content/SpeedTree9/SpeedTreeBillboardMaster.uexp" 708
"../../../Engine/Plugins/Runtime/HairStrands/Content/Materials/HairMeshesDefaultMaterial.uasset" 709
"../../../Engine/Plugins/Runtime/HairStrands/Content/Materials/HairMeshesDefaultMaterial.uexp" 710
"../../../Engine/Plugins/Runtime/HairStrands/Content/Materials/HairDefaultMaterial.uasset" 711
"../../../Engine/Plugins/Runtime/HairStrands/Content/Materials/HairDefaultMaterial.uexp" 712
"../../../Engine/Plugins/Runtime/HairStrands/Content/Materials/HairGroupColors.uasset" 713
"../../../Engine/Plugins/Runtime/HairStrands/Content/Materials/HairGroupColors.uexp" 714
"../../../Engine/Content/EngineMaterials/HairColorMap.uasset" 715
"../../../Engine/Content/EngineMaterials/HairColorMap.uexp" 716
"../../../Engine/Content/EngineMaterials/HairDebugColor.uasset" 717
"../../../Engine/Content/EngineMaterials/HairDebugColor.uexp" 718
"../../../Engine/Plugins/Runtime/HairStrands/Content/Materials/HairDebugMaterial.uasset" 719
"../../../Engine/Plugins/Runtime/HairStrands/Content/Materials/HairDebugMaterial.uexp" 720
"../../../Engine/Plugins/Runtime/HairStrands/Content/Materials/HairCardsDefaultMaterial.uasset" 721
"../../../Engine/Plugins/Runtime/HairStrands/Content/Materials/HairCardsDefaultMaterial.uexp" 722
"../../../Engine/Plugins/Animation/ControlRig/Content/Controls/DefaultGizmoLibraryNormalized.uasset" 723
"../../../Engine/Plugins/Animation/ControlRig/Content/Controls/DefaultGizmoLibraryNormalized.uexp" 724
"C:/Users/sam/Desktop/Unreal Projects 5.0/MobileControlKitDemo/Content/Characters/Mannequins/Rigs/CR_Mannequin_Body.uasset" 725
"C:/Users/sam/Desktop/Unreal Projects 5.0/MobileControlKitDemo/Content/Characters/Mannequins/Rigs/CR_Mannequin_Body.uexp" 726
"../../../Engine/Content/Maps/Templates/HLODs/HLODLayer_Instanced.uasset" 727
"../../../Engine/Content/Maps/Templates/HLODs/HLODLayer_Instanced.uexp" 728
"C:/Users/sam/Desktop/Unreal Projects 5.0/MobileControlKitDemo/Content/Vehicles/Blueprints/SportsCar/SportsCar_WheelsFront.uasset" 729
"C:/Users/sam/Desktop/Unreal Projects 5.0/MobileControlKitDemo/Content/Vehicles/Blueprints/SportsCar/SportsCar_WheelsFront.uexp" 730
"C:/Users/sam/Desktop/Unreal Projects 5.0/MobileControlKitDemo/Content/Vehicles/SportsCar/SportsCar_CtrlRig.uasset" 731
"C:/Users/sam/Desktop/Unreal Projects 5.0/MobileControlKitDemo/Content/Vehicles/SportsCar/SportsCar_CtrlRig.uexp" 732
"C:/Users/sam/Desktop/Unreal Projects 5.0/MobileControlKitDemo/Content/Vehicles/SportsCar/SportsCar_Skeleton.uasset" 733
"C:/Users/sam/Desktop/Unreal Projects 5.0/MobileControlKitDemo/Content/Vehicles/SportsCar/SportsCar_Skeleton.uexp" 734
"C:/Users/sam/Desktop/Unreal Projects 5.0/MobileControlKitDemo/Content/Vehicles/SportsCar/SportsCar_AnimBP.uasset" 735
"C:/Users/sam/Desktop/Unreal Projects 5.0/MobileControlKitDemo/Content/Vehicles/SportsCar/SportsCar_AnimBP.uexp" 736
"C:/Users/sam/Desktop/Unreal Projects 5.0/MobileControlKitDemo/Content/Vehicles/Blueprints/SportsCar/SportsCar_TorqueCurve.uasset" 737
"C:/Users/sam/Desktop/Unreal Projects 5.0/MobileControlKitDemo/Content/Vehicles/Blueprints/SportsCar/SportsCar_TorqueCurve.uexp" 738
"C:/Users/sam/Desktop/Unreal Projects 5.0/MobileControlKitDemo/Content/Vehicles/SportsCar/Materials/Textures/T_SportsCar_Tire_M_TGA.ubulk" 739
"C:/Users/sam/Desktop/Unreal Projects 5.0/MobileControlKitDemo/Content/Vehicles/SportsCar/Materials/Textures/T_SportsCar_Tire_M_TGA.uasset" 740
"C:/Users/sam/Desktop/Unreal Projects 5.0/MobileControlKitDemo/Content/Vehicles/SportsCar/Materials/Textures/T_SportsCar_Tire_M_TGA.uexp" 741
"C:/Users/sam/Desktop/Unreal Projects 5.0/MobileControlKitDemo/Content/Vehicles/SportsCar/Materials/Textures/T_SportsCar_Tire_N.ubulk" 742
"C:/Users/sam/Desktop/Unreal Projects 5.0/MobileControlKitDemo/Content/Vehicles/SportsCar/Materials/Textures/T_SportsCar_Tire_N.uasset" 743
"C:/Users/sam/Desktop/Unreal Projects 5.0/MobileControlKitDemo/Content/Vehicles/SportsCar/Materials/Textures/T_SportsCar_Tire_N.uexp" 744
"C:/Users/sam/Desktop/Unreal Projects 5.0/MobileControlKitDemo/Content/Vehicles/SportsCar/Materials/MI_SportsCar_Tire.uasset" 745
"C:/Users/sam/Desktop/Unreal Projects 5.0/MobileControlKitDemo/Content/Vehicles/SportsCar/Materials/MI_SportsCar_Tire.uexp" 746
"C:/Users/sam/Desktop/Unreal Projects 5.0/MobileControlKitDemo/Content/Vehicles/SportsCar/Materials/M_SportsCar_Lights.uasset" 747
"C:/Users/sam/Desktop/Unreal Projects 5.0/MobileControlKitDemo/Content/Vehicles/SportsCar/Materials/M_SportsCar_Lights.uexp" 748
"C:/Users/sam/Desktop/Unreal Projects 5.0/MobileControlKitDemo/Content/Vehicles/SportsCar/SportsCar_PhysicsAsset.uasset" 749
"C:/Users/sam/Desktop/Unreal Projects 5.0/MobileControlKitDemo/Content/Vehicles/SportsCar/SportsCar_PhysicsAsset.uexp" 750
"C:/Users/sam/Desktop/Unreal Projects 5.0/MobileControlKitDemo/Content/Vehicles/SportsCar/Materials/Textures/T_SportsCar_Body_BotN.ubulk" 751
"C:/Users/sam/Desktop/Unreal Projects 5.0/MobileControlKitDemo/Content/Vehicles/SportsCar/Materials/Textures/T_SportsCar_Body_BotN.uasset" 752
"C:/Users/sam/Desktop/Unreal Projects 5.0/MobileControlKitDemo/Content/Vehicles/SportsCar/Materials/Textures/T_SportsCar_Body_BotN.uexp" 753
"C:/Users/sam/Desktop/Unreal Projects 5.0/MobileControlKitDemo/Content/Vehicles/SportsCar/Materials/Textures/T_SportsCar_Body_N.ubulk" 754
"C:/Users/sam/Desktop/Unreal Projects 5.0/MobileControlKitDemo/Content/Vehicles/SportsCar/Materials/Textures/T_SportsCar_Body_N.uasset" 755
"C:/Users/sam/Desktop/Unreal Projects 5.0/MobileControlKitDemo/Content/Vehicles/SportsCar/Materials/Textures/T_SportsCar_Body_N.uexp" 756
"C:/Users/sam/Desktop/Unreal Projects 5.0/MobileControlKitDemo/Content/Vehicles/SportsCar/Materials/Textures/T_SportsCar_Body_Tan.ubulk" 757
"C:/Users/sam/Desktop/Unreal Projects 5.0/MobileControlKitDemo/Content/Vehicles/SportsCar/Materials/Textures/T_SportsCar_Body_Tan.uasset" 758
"C:/Users/sam/Desktop/Unreal Projects 5.0/MobileControlKitDemo/Content/Vehicles/SportsCar/Materials/Textures/T_SportsCar_Body_Tan.uexp" 759
"C:/Users/sam/Desktop/Unreal Projects 5.0/MobileControlKitDemo/Content/Vehicles/SportsCar/Materials/Textures/T_SportsCar_Body_CCRCCPlastic_M.ubulk" 760
"C:/Users/sam/Desktop/Unreal Projects 5.0/MobileControlKitDemo/Content/Vehicles/SportsCar/Materials/Textures/T_SportsCar_Body_CCRCCPlastic_M.uasset" 761
"C:/Users/sam/Desktop/Unreal Projects 5.0/MobileControlKitDemo/Content/Vehicles/SportsCar/Materials/Textures/T_SportsCar_Body_CCRCCPlastic_M.uexp" 762
"C:/Users/sam/Desktop/Unreal Projects 5.0/MobileControlKitDemo/Content/Vehicles/SportsCar/Materials/Textures/T_SportsCar_Body_MSR_M.ubulk" 763
"C:/Users/sam/Desktop/Unreal Projects 5.0/MobileControlKitDemo/Content/Vehicles/SportsCar/Materials/Textures/T_SportsCar_Body_MSR_M.uasset" 764
"C:/Users/sam/Desktop/Unreal Projects 5.0/MobileControlKitDemo/Content/Vehicles/SportsCar/Materials/Textures/T_SportsCar_Body_MSR_M.uexp" 765
"C:/Users/sam/Desktop/Unreal Projects 5.0/MobileControlKitDemo/Content/Vehicles/SportsCar/Materials/Textures/T_SportsCar_Body_BC.ubulk" 766
"C:/Users/sam/Desktop/Unreal Projects 5.0/MobileControlKitDemo/Content/Vehicles/SportsCar/Materials/Textures/T_SportsCar_Body_BC.uasset" 767
"C:/Users/sam/Desktop/Unreal Projects 5.0/MobileControlKitDemo/Content/Vehicles/SportsCar/Materials/Textures/T_SportsCar_Body_BC.uexp" 768
"C:/Users/sam/Desktop/Unreal Projects 5.0/MobileControlKitDemo/Content/Vehicles/SportsCar/Materials/Functions/ML_BaseColorFallOff.uasset" 769
"C:/Users/sam/Desktop/Unreal Projects 5.0/MobileControlKitDemo/Content/Vehicles/SportsCar/Materials/Functions/ML_BaseColorFallOff.uexp" 770
"C:/Users/sam/Desktop/Unreal Projects 5.0/MobileControlKitDemo/Content/Vehicles/SportsCar/Materials/Textures/T_SportsCar_Lights_M.ubulk" 771
"C:/Users/sam/Desktop/Unreal Projects 5.0/MobileControlKitDemo/Content/Vehicles/SportsCar/Materials/Textures/T_SportsCar_Lights_M.uasset" 772
"C:/Users/sam/Desktop/Unreal Projects 5.0/MobileControlKitDemo/Content/Vehicles/SportsCar/Materials/Textures/T_SportsCar_Lights_M.uexp" 773
"C:/Users/sam/Desktop/Unreal Projects 5.0/MobileControlKitDemo/Content/Vehicles/SportsCar/Materials/Textures/T_SportsCar_Body_ASAOP_M.ubulk" 774
"C:/Users/sam/Desktop/Unreal Projects 5.0/MobileControlKitDemo/Content/Vehicles/SportsCar/Materials/Textures/T_SportsCar_Body_ASAOP_M.uasset" 775
"C:/Users/sam/Desktop/Unreal Projects 5.0/MobileControlKitDemo/Content/Vehicles/SportsCar/Materials/Textures/T_SportsCar_Body_ASAOP_M.uexp" 776
"C:/Users/sam/Desktop/Unreal Projects 5.0/MobileControlKitDemo/Content/Vehicles/SportsCar/Materials/M_SportsCar.uasset" 777
"C:/Users/sam/Desktop/Unreal Projects 5.0/MobileControlKitDemo/Content/Vehicles/SportsCar/Materials/M_SportsCar.uexp" 778
"C:/Users/sam/Desktop/Unreal Projects 5.0/MobileControlKitDemo/Content/Vehicles/SportsCar/Materials/MI_SportsCar_Body.uasset" 779
"C:/Users/sam/Desktop/Unreal Projects 5.0/MobileControlKitDemo/Content/Vehicles/SportsCar/Materials/MI_SportsCar_Body.uexp" 780
"C:/Users/sam/Desktop/Unreal Projects 5.0/MobileControlKitDemo/Content/Vehicles/SportsCar/Materials/Textures/T_SportsCar_Chassis_MSR_M.ubulk" 781
"C:/Users/sam/Desktop/Unreal Projects 5.0/MobileControlKitDemo/Content/Vehicles/SportsCar/Materials/Textures/T_SportsCar_Chassis_MSR_M.uasset" 782
"C:/Users/sam/Desktop/Unreal Projects 5.0/MobileControlKitDemo/Content/Vehicles/SportsCar/Materials/Textures/T_SportsCar_Chassis_MSR_M.uexp" 783
"C:/Users/sam/Desktop/Unreal Projects 5.0/MobileControlKitDemo/Content/Vehicles/SportsCar/Materials/Textures/T_SportsCar_Chassis_CCRCCPlastic_M.ubulk" 784
"C:/Users/sam/Desktop/Unreal Projects 5.0/MobileControlKitDemo/Content/Vehicles/SportsCar/Materials/Textures/T_SportsCar_Chassis_CCRCCPlastic_M.uasset" 785
"C:/Users/sam/Desktop/Unreal Projects 5.0/MobileControlKitDemo/Content/Vehicles/SportsCar/Materials/Textures/T_SportsCar_Chassis_CCRCCPlastic_M.uexp" 786
"C:/Users/sam/Desktop/Unreal Projects 5.0/MobileControlKitDemo/Content/Vehicles/SportsCar/Materials/Textures/T_SportsCar_Chassis_ASAOP_M.ubulk" 787
"C:/Users/sam/Desktop/Unreal Projects 5.0/MobileControlKitDemo/Content/Vehicles/SportsCar/Materials/Textures/T_SportsCar_Chassis_ASAOP_M.uasset" 788
"C:/Users/sam/Desktop/Unreal Projects 5.0/MobileControlKitDemo/Content/Vehicles/SportsCar/Materials/Textures/T_SportsCar_Chassis_ASAOP_M.uexp" 789
"C:/Users/sam/Desktop/Unreal Projects 5.0/MobileControlKitDemo/Content/Vehicles/SportsCar/Materials/Textures/T_SportsCar_Chassis_BC.ubulk" 790
"C:/Users/sam/Desktop/Unreal Projects 5.0/MobileControlKitDemo/Content/Vehicles/SportsCar/Materials/Textures/T_SportsCar_Chassis_BC.uasset" 791
"C:/Users/sam/Desktop/Unreal Projects 5.0/MobileControlKitDemo/Content/Vehicles/SportsCar/Materials/Textures/T_SportsCar_Chassis_BC.uexp" 792
"C:/Users/sam/Desktop/Unreal Projects 5.0/MobileControlKitDemo/Content/Vehicles/SportsCar/Materials/Textures/T_SportsCar_Chassis_BotN.ubulk" 793
"C:/Users/sam/Desktop/Unreal Projects 5.0/MobileControlKitDemo/Content/Vehicles/SportsCar/Materials/Textures/T_SportsCar_Chassis_BotN.uasset" 794
"C:/Users/sam/Desktop/Unreal Projects 5.0/MobileControlKitDemo/Content/Vehicles/SportsCar/Materials/Textures/T_SportsCar_Chassis_BotN.uexp" 795
"C:/Users/sam/Desktop/Unreal Projects 5.0/MobileControlKitDemo/Content/Vehicles/SportsCar/Materials/MI_SportsCar_Chassis.uasset" 796
"C:/Users/sam/Desktop/Unreal Projects 5.0/MobileControlKitDemo/Content/Vehicles/SportsCar/Materials/MI_SportsCar_Chassis.uexp" 797
"C:/Users/sam/Desktop/Unreal Projects 5.0/MobileControlKitDemo/Content/Vehicles/SportsCar/SKM_SportsCar.uasset" 798
"C:/Users/sam/Desktop/Unreal Projects 5.0/MobileControlKitDemo/Content/Vehicles/SportsCar/SKM_SportsCar.uexp" 799
"C:/Users/sam/Desktop/Unreal Projects 5.0/MobileControlKitDemo/Content/Vehicles/Blueprints/SportsCar/SportsCar_WheelsRear.uasset" 800
"C:/Users/sam/Desktop/Unreal Projects 5.0/MobileControlKitDemo/Content/Vehicles/Blueprints/SportsCar/SportsCar_WheelsRear.uexp" 801
"../../../Engine/Content/EditorBlueprintResources/StandardMacros.uasset" 802
"../../../Engine/Content/EditorBlueprintResources/StandardMacros.uexp" 803
"C:/Users/sam/Desktop/Unreal Projects 5.0/MobileControlKitDemo/Content/Vehicles/Blueprints/SportsCar/SportsCar_Pawn.uasset" 804
"C:/Users/sam/Desktop/Unreal Projects 5.0/MobileControlKitDemo/Content/Vehicles/Blueprints/SportsCar/SportsCar_Pawn.uexp" 805
"C:/Users/sam/Desktop/Unreal Projects 5.0/MobileControlKitDemo/Content/UI/Icons/T_Joystick_Thumb.uasset" 806
"C:/Users/sam/Desktop/Unreal Projects 5.0/MobileControlKitDemo/Content/UI/Icons/T_Joystick_Thumb.uexp" 807
"C:/Users/sam/Desktop/Unreal Projects 5.0/MobileControlKitDemo/Content/UI/Icons/T_Sprint.ubulk" 808
"C:/Users/sam/Desktop/Unreal Projects 5.0/MobileControlKitDemo/Content/UI/Icons/T_Sprint.uasset" 809
"C:/Users/sam/Desktop/Unreal Projects 5.0/MobileControlKitDemo/Content/UI/Icons/T_Sprint.uexp" 810
"C:/Users/sam/Desktop/Unreal Projects 5.0/MobileControlKitDemo/Content/UI/Icons/T_Joystick_Background.uasset" 811
"C:/Users/sam/Desktop/Unreal Projects 5.0/MobileControlKitDemo/Content/UI/Icons/T_Joystick_Background.uexp" 812
"C:/Users/sam/Desktop/Unreal Projects 5.0/MobileControlKitDemo/Content/Drone/assets/Material/M_Drone_Body.uasset" 813
"C:/Users/sam/Desktop/Unreal Projects 5.0/MobileControlKitDemo/Content/Drone/assets/Material/M_Drone_Body.uexp" 814
"C:/Users/sam/Desktop/Unreal Projects 5.0/MobileControlKitDemo/Content/Drone/assets/Drone_Skeleton.uasset" 815
"C:/Users/sam/Desktop/Unreal Projects 5.0/MobileControlKitDemo/Content/Drone/assets/Drone_Skeleton.uexp" 816
"C:/Users/sam/Desktop/Unreal Projects 5.0/MobileControlKitDemo/Content/Drone/assets/Drone_PhysicsAsset.uasset" 817
"C:/Users/sam/Desktop/Unreal Projects 5.0/MobileControlKitDemo/Content/Drone/assets/Drone_PhysicsAsset.uexp" 818
"C:/Users/sam/Desktop/Unreal Projects 5.0/MobileControlKitDemo/Content/Drone/assets/Material/M_DroneArmsStands.uasset" 819
"C:/Users/sam/Desktop/Unreal Projects 5.0/MobileControlKitDemo/Content/Drone/assets/Material/M_DroneArmsStands.uexp" 820
"C:/Users/sam/Desktop/Unreal Projects 5.0/MobileControlKitDemo/Content/Drone/assets/SK_Drone.uasset" 821
"C:/Users/sam/Desktop/Unreal Projects 5.0/MobileControlKitDemo/Content/Drone/assets/SK_Drone.uexp" 822
"C:/Users/sam/Desktop/Unreal Projects 5.0/MobileControlKitDemo/Content/Drone/Blueprints/BP_Drone.uasset" 823
"C:/Users/sam/Desktop/Unreal Projects 5.0/MobileControlKitDemo/Content/Drone/Blueprints/BP_Drone.uexp" 824
"C:/Users/sam/Desktop/Unreal Projects 5.0/MobileControlKitDemo/Plugins/MobileControlKit/Content/Extras/WBP_ExpandableAreaForCustomizationMode.uasset" 825
"C:/Users/sam/Desktop/Unreal Projects 5.0/MobileControlKitDemo/Plugins/MobileControlKit/Content/Extras/WBP_ExpandableAreaForCustomizationMode.uexp" 826
"C:/Users/sam/Desktop/Unreal Projects 5.0/MobileControlKitDemo/Content/UI/Icons/T_Gear.ubulk" 827
"C:/Users/sam/Desktop/Unreal Projects 5.0/MobileControlKitDemo/Content/UI/Icons/T_Gear.uasset" 828
"C:/Users/sam/Desktop/Unreal Projects 5.0/MobileControlKitDemo/Content/UI/Icons/T_Gear.uexp" 829
"C:/Users/sam/Desktop/Unreal Projects 5.0/MobileControlKitDemo/Content/UI/Icons/T_Eye.ubulk" 830
"C:/Users/sam/Desktop/Unreal Projects 5.0/MobileControlKitDemo/Content/UI/Icons/T_Eye.uasset" 831
"C:/Users/sam/Desktop/Unreal Projects 5.0/MobileControlKitDemo/Content/UI/Icons/T_Eye.uexp" 832
"C:/Users/sam/Desktop/Unreal Projects 5.0/MobileControlKitDemo/Content/UI/HUD/WBP_DroneHUD.uasset" 833
"C:/Users/sam/Desktop/Unreal Projects 5.0/MobileControlKitDemo/Content/UI/HUD/WBP_DroneHUD.uexp" 834
"C:/Users/sam/Desktop/Unreal Projects 5.0/MobileControlKitDemo/Content/UI/WBP_Menu.uasset" 835
"C:/Users/sam/Desktop/Unreal Projects 5.0/MobileControlKitDemo/Content/UI/WBP_Menu.uexp" 836
"C:/Users/sam/Desktop/Unreal Projects 5.0/MobileControlKitDemo/Content/UI/Icons/T_SwitchCamera.ubulk" 837
"C:/Users/sam/Desktop/Unreal Projects 5.0/MobileControlKitDemo/Content/UI/Icons/T_SwitchCamera.uasset" 838
"C:/Users/sam/Desktop/Unreal Projects 5.0/MobileControlKitDemo/Content/UI/Icons/T_SwitchCamera.uexp" 839
"C:/Users/sam/Desktop/Unreal Projects 5.0/MobileControlKitDemo/Content/UI/Icons/Throttle.ubulk" 840
"C:/Users/sam/Desktop/Unreal Projects 5.0/MobileControlKitDemo/Content/UI/Icons/Throttle.uasset" 841
"C:/Users/sam/Desktop/Unreal Projects 5.0/MobileControlKitDemo/Content/UI/Icons/Throttle.uexp" 842
"C:/Users/sam/Desktop/Unreal Projects 5.0/MobileControlKitDemo/Content/UI/Icons/Brake.ubulk" 843
"C:/Users/sam/Desktop/Unreal Projects 5.0/MobileControlKitDemo/Content/UI/Icons/Brake.uasset" 844
"C:/Users/sam/Desktop/Unreal Projects 5.0/MobileControlKitDemo/Content/UI/Icons/Brake.uexp" 845
"C:/Users/sam/Desktop/Unreal Projects 5.0/MobileControlKitDemo/Content/UI/Icons/T_ArrowRight.ubulk" 846
"C:/Users/sam/Desktop/Unreal Projects 5.0/MobileControlKitDemo/Content/UI/Icons/T_ArrowRight.uasset" 847
"C:/Users/sam/Desktop/Unreal Projects 5.0/MobileControlKitDemo/Content/UI/Icons/T_ArrowRight.uexp" 848
"C:/Users/sam/Desktop/Unreal Projects 5.0/MobileControlKitDemo/Content/UI/Icons/T_HandBrake.ubulk" 849
"C:/Users/sam/Desktop/Unreal Projects 5.0/MobileControlKitDemo/Content/UI/Icons/T_HandBrake.uasset" 850
"C:/Users/sam/Desktop/Unreal Projects 5.0/MobileControlKitDemo/Content/UI/Icons/T_HandBrake.uexp" 851
"C:/Users/sam/Desktop/Unreal Projects 5.0/MobileControlKitDemo/Content/UI/HUD/WBP_VehicleHUD.uasset" 852
"C:/Users/sam/Desktop/Unreal Projects 5.0/MobileControlKitDemo/Content/UI/HUD/WBP_VehicleHUD.uexp" 853
"../../../Engine/Content/EngineMeshes/SkeletalCube_Skeleton.uasset" 854
"../../../Engine/Content/EngineMeshes/SkeletalCube_Skeleton.uexp" 855
"../../../Engine/Content/EngineMeshes/SkeletalCube.uasset" 856
"../../../Engine/Content/EngineMeshes/SkeletalCube.uexp" 857
"C:/Users/sam/Desktop/Unreal Projects 5.0/MobileControlKitDemo/Content/Characters/Mannequins/Animations/Manny/MM_Fall_Loop.uasset" 858
"C:/Users/sam/Desktop/Unreal Projects 5.0/MobileControlKitDemo/Content/Characters/Mannequins/Animations/Manny/MM_Fall_Loop.uexp" 859
"C:/Users/sam/Desktop/Unreal Projects 5.0/MobileControlKitDemo/Content/Characters/Mannequins/Animations/Manny/MM_Jump.uasset" 860
"C:/Users/sam/Desktop/Unreal Projects 5.0/MobileControlKitDemo/Content/Characters/Mannequins/Animations/Manny/MM_Jump.uexp" 861
"C:/Users/sam/Desktop/Unreal Projects 5.0/MobileControlKitDemo/Content/Characters/Mannequins/Rigs/CR_Mannequin_BasicFootIK.uasset" 862
"C:/Users/sam/Desktop/Unreal Projects 5.0/MobileControlKitDemo/Content/Characters/Mannequins/Rigs/CR_Mannequin_BasicFootIK.uexp" 863
"C:/Users/sam/Desktop/Unreal Projects 5.0/MobileControlKitDemo/Content/Characters/Mannequins/Animations/Manny/MM_Run_Fwd.uasset" 864
"C:/Users/sam/Desktop/Unreal Projects 5.0/MobileControlKitDemo/Content/Characters/Mannequins/Animations/Manny/MM_Run_Fwd.uexp" 865
"C:/Users/sam/Desktop/Unreal Projects 5.0/MobileControlKitDemo/Content/Characters/Mannequins/Animations/Manny/MM_Walk_Fwd.uasset" 866
"C:/Users/sam/Desktop/Unreal Projects 5.0/MobileControlKitDemo/Content/Characters/Mannequins/Animations/Manny/MM_Walk_Fwd.uexp" 867
"../../../Engine/Content/Animation/DefaultRecorderBoneCompression.uasset" 868
"../../../Engine/Content/Animation/DefaultRecorderBoneCompression.uexp" 869
"C:/Users/sam/Desktop/Unreal Projects 5.0/MobileControlKitDemo/Content/Characters/Mannequins/Animations/Manny/MM_Walk_InPlace.uasset" 870
"C:/Users/sam/Desktop/Unreal Projects 5.0/MobileControlKitDemo/Content/Characters/Mannequins/Animations/Manny/MM_Walk_InPlace.uexp" 871
"C:/Users/sam/Desktop/Unreal Projects 5.0/MobileControlKitDemo/Content/Characters/Mannequins/Animations/Manny/BS_MM_WalkRun.uasset" 872
"C:/Users/sam/Desktop/Unreal Projects 5.0/MobileControlKitDemo/Content/Characters/Mannequins/Animations/Manny/BS_MM_WalkRun.uexp" 873
"C:/Users/sam/Desktop/Unreal Projects 5.0/MobileControlKitDemo/Content/Characters/Mannequins/Animations/Manny/MM_Land.uasset" 874
"C:/Users/sam/Desktop/Unreal Projects 5.0/MobileControlKitDemo/Content/Characters/Mannequins/Animations/Manny/MM_Land.uexp" 875
"C:/Users/sam/Desktop/Unreal Projects 5.0/MobileControlKitDemo/Content/Characters/Mannequins/Animations/Manny/MM_Idle.uasset" 876
"C:/Users/sam/Desktop/Unreal Projects 5.0/MobileControlKitDemo/Content/Characters/Mannequins/Animations/Manny/MM_Idle.uexp" 877
"C:/Users/sam/Desktop/Unreal Projects 5.0/MobileControlKitDemo/Content/Characters/Mannequins/Animations/ABP_Manny.uasset" 878
"C:/Users/sam/Desktop/Unreal Projects 5.0/MobileControlKitDemo/Content/Characters/Mannequins/Animations/ABP_Manny.uexp" 879
"C:/Users/sam/Desktop/Unreal Projects 5.0/MobileControlKitDemo/Content/Characters/Blueprints/BP_ThirdPersonCharacter.uasset" 880
"C:/Users/sam/Desktop/Unreal Projects 5.0/MobileControlKitDemo/Content/Characters/Blueprints/BP_ThirdPersonCharacter.uexp" 881
"C:/Users/sam/Desktop/Unreal Projects 5.0/MobileControlKitDemo/Content/UI/Icons/T_Ads.ubulk" 882
"C:/Users/sam/Desktop/Unreal Projects 5.0/MobileControlKitDemo/Content/UI/Icons/T_Ads.uasset" 883
"C:/Users/sam/Desktop/Unreal Projects 5.0/MobileControlKitDemo/Content/UI/Icons/T_Ads.uexp" 884
"C:/Users/sam/Desktop/Unreal Projects 5.0/MobileControlKitDemo/Content/UI/Icons/T_Crouch.ubulk" 885
"C:/Users/sam/Desktop/Unreal Projects 5.0/MobileControlKitDemo/Content/UI/Icons/T_Crouch.uasset" 886
"C:/Users/sam/Desktop/Unreal Projects 5.0/MobileControlKitDemo/Content/UI/Icons/T_Crouch.uexp" 887
"C:/Users/sam/Desktop/Unreal Projects 5.0/MobileControlKitDemo/Content/UI/Icons/T_Jump.ubulk" 888
"C:/Users/sam/Desktop/Unreal Projects 5.0/MobileControlKitDemo/Content/UI/Icons/T_Jump.uasset" 889
"C:/Users/sam/Desktop/Unreal Projects 5.0/MobileControlKitDemo/Content/UI/Icons/T_Jump.uexp" 890
"C:/Users/sam/Desktop/Unreal Projects 5.0/MobileControlKitDemo/Content/UI/HUD/WBP_CharacterHUD.uasset" 891
"C:/Users/sam/Desktop/Unreal Projects 5.0/MobileControlKitDemo/Content/UI/HUD/WBP_CharacterHUD.uexp" 892
"C:/Users/sam/Desktop/Unreal Projects 5.0/MobileControlKitDemo/Content/Blueprints/BP_MobileControlKitPlayerController.uasset" 893
"C:/Users/sam/Desktop/Unreal Projects 5.0/MobileControlKitDemo/Content/Blueprints/BP_MobileControlKitPlayerController.uexp" 894
"C:/Users/sam/Desktop/Unreal Projects 5.0/MobileControlKitDemo/Content/Blueprints/BP_MobileControlKitGameMode.uasset" 895
"C:/Users/sam/Desktop/Unreal Projects 5.0/MobileControlKitDemo/Content/Blueprints/BP_MobileControlKitGameMode.uexp" 896
"C:/Users/sam/Desktop/Unreal Projects 5.0/MobileControlKitDemo/Content/Maps/VehicleExampleMap.uexp" 897
"C:/Users/sam/Desktop/Unreal Projects 5.0/MobileControlKitDemo/Content/Maps/VehicleExampleMap.umap" 898
"../../../Engine/Content/Maps/Entry_BuiltData.uasset" 899
"../../../Engine/Content/Maps/Entry_BuiltData.uexp" 900
"../../../Engine/Content/Maps/Entry.uexp" 901
"../../../Engine/Content/Maps/Entry.umap" 902
